Start testing: Mar 19 09:33 UTC
----------------------------------------------------------
1/88 Testing: ConvertTest.ShortToByteVector
1/88 Test: ConvertTest.ShortToByteVector
Command: "/home/runner/work/DoIP-Lib/DoIP-Lib/build/doip_lib_test" "--gtest_filter=ConvertTest.ShortToByteVector" "--gtest_also_run_disabled_tests"
Directory: /home/runner/work/DoIP-Lib/DoIP-Lib/build
"ConvertTest.ShortToByteVector" start time: Mar 19 09:33 UTC
Output:
----------------------------------------------------------
Running main() from /home/runner/work/DoIP-Lib/DoIP-Lib/build/_deps/googletest-src/googletest/src/gtest_main.cc
Note: Google Test filter = ConvertTest.ShortToByteVector
[==========] Running 1 test from 1 test suite.
[----------] Global test environment set-up.
[----------] 1 test from ConvertTest
[ RUN      ] ConvertTest.ShortToByteVector
[       OK ] ConvertTest.ShortToByteVector (0 ms)
[----------] 1 test from ConvertTest (0 ms total)

[----------] Global test environment tear-down
[==========] 1 test from 1 test suite ran. (0 ms total)
[  PASSED  ] 1 test.
<end of output>
Test time =   0.00 sec
----------------------------------------------------------
Test Passed.
"ConvertTest.ShortToByteVector" end time: Mar 19 09:33 UTC
"ConvertTest.ShortToByteVector" time elapsed: 00:00:00
----------------------------------------------------------

2/88 Testing: ConvertTest.IntegerToByteVector
2/88 Test: ConvertTest.IntegerToByteVector
Command: "/home/runner/work/DoIP-Lib/DoIP-Lib/build/doip_lib_test" "--gtest_filter=ConvertTest.IntegerToByteVector" "--gtest_also_run_disabled_tests"
Directory: /home/runner/work/DoIP-Lib/DoIP-Lib/build
"ConvertTest.IntegerToByteVector" start time: Mar 19 09:33 UTC
Output:
----------------------------------------------------------
Running main() from /home/runner/work/DoIP-Lib/DoIP-Lib/build/_deps/googletest-src/googletest/src/gtest_main.cc
Note: Google Test filter = ConvertTest.IntegerToByteVector
[==========] Running 1 test from 1 test suite.
[----------] Global test environment set-up.
[----------] 1 test from ConvertTest
[ RUN      ] ConvertTest.IntegerToByteVector
[       OK ] ConvertTest.IntegerToByteVector (0 ms)
[----------] 1 test from ConvertTest (0 ms total)

[----------] Global test environment tear-down
[==========] 1 test from 1 test suite ran. (0 ms total)
[  PASSED  ] 1 test.
<end of output>
Test time =   0.00 sec
----------------------------------------------------------
Test Passed.
"ConvertTest.IntegerToByteVector" end time: Mar 19 09:33 UTC
"ConvertTest.IntegerToByteVector" time elapsed: 00:00:00
----------------------------------------------------------

3/88 Testing: ConvertTest.ByteVectorToShort
3/88 Test: ConvertTest.ByteVectorToShort
Command: "/home/runner/work/DoIP-Lib/DoIP-Lib/build/doip_lib_test" "--gtest_filter=ConvertTest.ByteVectorToShort" "--gtest_also_run_disabled_tests"
Directory: /home/runner/work/DoIP-Lib/DoIP-Lib/build
"ConvertTest.ByteVectorToShort" start time: Mar 19 09:33 UTC
Output:
----------------------------------------------------------
Running main() from /home/runner/work/DoIP-Lib/DoIP-Lib/build/_deps/googletest-src/googletest/src/gtest_main.cc
Note: Google Test filter = ConvertTest.ByteVectorToShort
[==========] Running 1 test from 1 test suite.
[----------] Global test environment set-up.
[----------] 1 test from ConvertTest
[ RUN      ] ConvertTest.ByteVectorToShort
[       OK ] ConvertTest.ByteVectorToShort (0 ms)
[----------] 1 test from ConvertTest (0 ms total)

[----------] Global test environment tear-down
[==========] 1 test from 1 test suite ran. (0 ms total)
[  PASSED  ] 1 test.
<end of output>
Test time =   0.00 sec
----------------------------------------------------------
Test Passed.
"ConvertTest.ByteVectorToShort" end time: Mar 19 09:33 UTC
"ConvertTest.ByteVectorToShort" time elapsed: 00:00:00
----------------------------------------------------------

4/88 Testing: ConvertTest.ByteVectorToInteger
4/88 Test: ConvertTest.ByteVectorToInteger
Command: "/home/runner/work/DoIP-Lib/DoIP-Lib/build/doip_lib_test" "--gtest_filter=ConvertTest.ByteVectorToInteger" "--gtest_also_run_disabled_tests"
Directory: /home/runner/work/DoIP-Lib/DoIP-Lib/build
"ConvertTest.ByteVectorToInteger" start time: Mar 19 09:33 UTC
Output:
----------------------------------------------------------
Running main() from /home/runner/work/DoIP-Lib/DoIP-Lib/build/_deps/googletest-src/googletest/src/gtest_main.cc
Note: Google Test filter = ConvertTest.ByteVectorToInteger
[==========] Running 1 test from 1 test suite.
[----------] Global test environment set-up.
[----------] 1 test from ConvertTest
[ RUN      ] ConvertTest.ByteVectorToInteger
[       OK ] ConvertTest.ByteVectorToInteger (0 ms)
[----------] 1 test from ConvertTest (0 ms total)

[----------] Global test environment tear-down
[==========] 1 test from 1 test suite ran. (0 ms total)
[  PASSED  ] 1 test.
<end of output>
Test time =   0.00 sec
----------------------------------------------------------
Test Passed.
"ConvertTest.ByteVectorToInteger" end time: Mar 19 09:33 UTC
"ConvertTest.ByteVectorToInteger" time elapsed: 00:00:00
----------------------------------------------------------

5/88 Testing: ConvertTest.ByteVectorToEnum
5/88 Test: ConvertTest.ByteVectorToEnum
Command: "/home/runner/work/DoIP-Lib/DoIP-Lib/build/doip_lib_test" "--gtest_filter=ConvertTest.ByteVectorToEnum" "--gtest_also_run_disabled_tests"
Directory: /home/runner/work/DoIP-Lib/DoIP-Lib/build
"ConvertTest.ByteVectorToEnum" start time: Mar 19 09:33 UTC
Output:
----------------------------------------------------------
Running main() from /home/runner/work/DoIP-Lib/DoIP-Lib/build/_deps/googletest-src/googletest/src/gtest_main.cc
Note: Google Test filter = ConvertTest.ByteVectorToEnum
[==========] Running 1 test from 1 test suite.
[----------] Global test environment set-up.
[----------] 1 test from ConvertTest
[ RUN      ] ConvertTest.ByteVectorToEnum
[       OK ] ConvertTest.ByteVectorToEnum (0 ms)
[----------] 1 test from ConvertTest (0 ms total)

[----------] Global test environment tear-down
[==========] 1 test from 1 test suite ran. (0 ms total)
[  PASSED  ] 1 test.
<end of output>
Test time =   0.00 sec
----------------------------------------------------------
Test Passed.
"ConvertTest.ByteVectorToEnum" end time: Mar 19 09:33 UTC
"ConvertTest.ByteVectorToEnum" time elapsed: 00:00:00
----------------------------------------------------------

6/88 Testing: ConvertTest.ByteVectorToByteArray
6/88 Test: ConvertTest.ByteVectorToByteArray
Command: "/home/runner/work/DoIP-Lib/DoIP-Lib/build/doip_lib_test" "--gtest_filter=ConvertTest.ByteVectorToByteArray" "--gtest_also_run_disabled_tests"
Directory: /home/runner/work/DoIP-Lib/DoIP-Lib/build
"ConvertTest.ByteVectorToByteArray" start time: Mar 19 09:33 UTC
Output:
----------------------------------------------------------
Running main() from /home/runner/work/DoIP-Lib/DoIP-Lib/build/_deps/googletest-src/googletest/src/gtest_main.cc
Note: Google Test filter = ConvertTest.ByteVectorToByteArray
[==========] Running 1 test from 1 test suite.
[----------] Global test environment set-up.
[----------] 1 test from ConvertTest
[ RUN      ] ConvertTest.ByteVectorToByteArray
[       OK ] ConvertTest.ByteVectorToByteArray (0 ms)
[----------] 1 test from ConvertTest (0 ms total)

[----------] Global test environment tear-down
[==========] 1 test from 1 test suite ran. (0 ms total)
[  PASSED  ] 1 test.
<end of output>
Test time =   0.00 sec
----------------------------------------------------------
Test Passed.
"ConvertTest.ByteVectorToByteArray" end time: Mar 19 09:33 UTC
"ConvertTest.ByteVectorToByteArray" time elapsed: 00:00:00
----------------------------------------------------------

7/88 Testing: ConvertTest.ByteVectorToString
7/88 Test: ConvertTest.ByteVectorToString
Command: "/home/runner/work/DoIP-Lib/DoIP-Lib/build/doip_lib_test" "--gtest_filter=ConvertTest.ByteVectorToString" "--gtest_also_run_disabled_tests"
Directory: /home/runner/work/DoIP-Lib/DoIP-Lib/build
"ConvertTest.ByteVectorToString" start time: Mar 19 09:33 UTC
Output:
----------------------------------------------------------
Running main() from /home/runner/work/DoIP-Lib/DoIP-Lib/build/_deps/googletest-src/googletest/src/gtest_main.cc
Note: Google Test filter = ConvertTest.ByteVectorToString
[==========] Running 1 test from 1 test suite.
[----------] Global test environment set-up.
[----------] 1 test from ConvertTest
[ RUN      ] ConvertTest.ByteVectorToString
[       OK ] ConvertTest.ByteVectorToString (0 ms)
[----------] 1 test from ConvertTest (0 ms total)

[----------] Global test environment tear-down
[==========] 1 test from 1 test suite ran. (0 ms total)
[  PASSED  ] 1 test.
<end of output>
Test time =   0.00 sec
----------------------------------------------------------
Test Passed.
"ConvertTest.ByteVectorToString" end time: Mar 19 09:33 UTC
"ConvertTest.ByteVectorToString" time elapsed: 00:00:00
----------------------------------------------------------

8/88 Testing: MessageTest.Serialization
8/88 Test: MessageTest.Serialization
Command: "/home/runner/work/DoIP-Lib/DoIP-Lib/build/doip_lib_test" "--gtest_filter=MessageTest.Serialization" "--gtest_also_run_disabled_tests"
Directory: /home/runner/work/DoIP-Lib/DoIP-Lib/build
"MessageTest.Serialization" start time: Mar 19 09:33 UTC
Output:
----------------------------------------------------------
Running main() from /home/runner/work/DoIP-Lib/DoIP-Lib/build/_deps/googletest-src/googletest/src/gtest_main.cc
Note: Google Test filter = MessageTest.Serialization
[==========] Running 1 test from 1 test suite.
[----------] Global test environment set-up.
[----------] 1 test from MessageTest
[ RUN      ] MessageTest.Serialization
[       OK ] MessageTest.Serialization (0 ms)
[----------] 1 test from MessageTest (0 ms total)

[----------] Global test environment tear-down
[==========] 1 test from 1 test suite ran. (0 ms total)
[  PASSED  ] 1 test.
<end of output>
Test time =   0.00 sec
----------------------------------------------------------
Test Passed.
"MessageTest.Serialization" end time: Mar 19 09:33 UTC
"MessageTest.Serialization" time elapsed: 00:00:00
----------------------------------------------------------

9/88 Testing: MessageTest.ValidDeserialization
9/88 Test: MessageTest.ValidDeserialization
Command: "/home/runner/work/DoIP-Lib/DoIP-Lib/build/doip_lib_test" "--gtest_filter=MessageTest.ValidDeserialization" "--gtest_also_run_disabled_tests"
Directory: /home/runner/work/DoIP-Lib/DoIP-Lib/build
"MessageTest.ValidDeserialization" start time: Mar 19 09:33 UTC
Output:
----------------------------------------------------------
Running main() from /home/runner/work/DoIP-Lib/DoIP-Lib/build/_deps/googletest-src/googletest/src/gtest_main.cc
Note: Google Test filter = MessageTest.ValidDeserialization
[==========] Running 1 test from 1 test suite.
[----------] Global test environment set-up.
[----------] 1 test from MessageTest
[ RUN      ] MessageTest.ValidDeserialization
[       OK ] MessageTest.ValidDeserialization (0 ms)
[----------] 1 test from MessageTest (0 ms total)

[----------] Global test environment tear-down
[==========] 1 test from 1 test suite ran. (0 ms total)
[  PASSED  ] 1 test.
<end of output>
Test time =   0.00 sec
----------------------------------------------------------
Test Passed.
"MessageTest.ValidDeserialization" end time: Mar 19 09:33 UTC
"MessageTest.ValidDeserialization" time elapsed: 00:00:00
----------------------------------------------------------

10/88 Testing: MessageTest.ValidLongMessageDeserialization
10/88 Test: MessageTest.ValidLongMessageDeserialization
Command: "/home/runner/work/DoIP-Lib/DoIP-Lib/build/doip_lib_test" "--gtest_filter=MessageTest.ValidLongMessageDeserialization" "--gtest_also_run_disabled_tests"
Directory: /home/runner/work/DoIP-Lib/DoIP-Lib/build
"MessageTest.ValidLongMessageDeserialization" start time: Mar 19 09:33 UTC
Output:
----------------------------------------------------------
Running main() from /home/runner/work/DoIP-Lib/DoIP-Lib/build/_deps/googletest-src/googletest/src/gtest_main.cc
Note: Google Test filter = MessageTest.ValidLongMessageDeserialization
[==========] Running 1 test from 1 test suite.
[----------] Global test environment set-up.
[----------] 1 test from MessageTest
[ RUN      ] MessageTest.ValidLongMessageDeserialization
[       OK ] MessageTest.ValidLongMessageDeserialization (0 ms)
[----------] 1 test from MessageTest (0 ms total)

[----------] Global test environment tear-down
[==========] 1 test from 1 test suite ran. (0 ms total)
[  PASSED  ] 1 test.
<end of output>
Test time =   0.00 sec
----------------------------------------------------------
Test Passed.
"MessageTest.ValidLongMessageDeserialization" end time: Mar 19 09:33 UTC
"MessageTest.ValidLongMessageDeserialization" time elapsed: 00:00:00
----------------------------------------------------------

11/88 Testing: MessageTest.InvalidHeaderDeserialization
11/88 Test: MessageTest.InvalidHeaderDeserialization
Command: "/home/runner/work/DoIP-Lib/DoIP-Lib/build/doip_lib_test" "--gtest_filter=MessageTest.InvalidHeaderDeserialization" "--gtest_also_run_disabled_tests"
Directory: /home/runner/work/DoIP-Lib/DoIP-Lib/build
"MessageTest.InvalidHeaderDeserialization" start time: Mar 19 09:33 UTC
Output:
----------------------------------------------------------
Running main() from /home/runner/work/DoIP-Lib/DoIP-Lib/build/_deps/googletest-src/googletest/src/gtest_main.cc
Note: Google Test filter = MessageTest.InvalidHeaderDeserialization
[==========] Running 1 test from 1 test suite.
[----------] Global test environment set-up.
[----------] 1 test from MessageTest
[ RUN      ] MessageTest.InvalidHeaderDeserialization
[       OK ] MessageTest.InvalidHeaderDeserialization (0 ms)
[----------] 1 test from MessageTest (0 ms total)

[----------] Global test environment tear-down
[==========] 1 test from 1 test suite ran. (0 ms total)
[  PASSED  ] 1 test.
<end of output>
Test time =   0.00 sec
----------------------------------------------------------
Test Passed.
"MessageTest.InvalidHeaderDeserialization" end time: Mar 19 09:33 UTC
"MessageTest.InvalidHeaderDeserialization" time elapsed: 00:00:00
----------------------------------------------------------

12/88 Testing: MessageTest.InvalidVersionDeserialization
12/88 Test: MessageTest.InvalidVersionDeserialization
Command: "/home/runner/work/DoIP-Lib/DoIP-Lib/build/doip_lib_test" "--gtest_filter=MessageTest.InvalidVersionDeserialization" "--gtest_also_run_disabled_tests"
Directory: /home/runner/work/DoIP-Lib/DoIP-Lib/build
"MessageTest.InvalidVersionDeserialization" start time: Mar 19 09:33 UTC
Output:
----------------------------------------------------------
Running main() from /home/runner/work/DoIP-Lib/DoIP-Lib/build/_deps/googletest-src/googletest/src/gtest_main.cc
Note: Google Test filter = MessageTest.InvalidVersionDeserialization
[==========] Running 1 test from 1 test suite.
[----------] Global test environment set-up.
[----------] 1 test from MessageTest
[ RUN      ] MessageTest.InvalidVersionDeserialization
[       OK ] MessageTest.InvalidVersionDeserialization (0 ms)
[----------] 1 test from MessageTest (0 ms total)

[----------] Global test environment tear-down
[==========] 1 test from 1 test suite ran. (0 ms total)
[  PASSED  ] 1 test.
<end of output>
Test time =   0.00 sec
----------------------------------------------------------
Test Passed.
"MessageTest.InvalidVersionDeserialization" end time: Mar 19 09:33 UTC
"MessageTest.InvalidVersionDeserialization" time elapsed: 00:00:00
----------------------------------------------------------

13/88 Testing: MessageTest.InvalidTypeDeserialization
13/88 Test: MessageTest.InvalidTypeDeserialization
Command: "/home/runner/work/DoIP-Lib/DoIP-Lib/build/doip_lib_test" "--gtest_filter=MessageTest.InvalidTypeDeserialization" "--gtest_also_run_disabled_tests"
Directory: /home/runner/work/DoIP-Lib/DoIP-Lib/build
"MessageTest.InvalidTypeDeserialization" start time: Mar 19 09:33 UTC
Output:
----------------------------------------------------------
Running main() from /home/runner/work/DoIP-Lib/DoIP-Lib/build/_deps/googletest-src/googletest/src/gtest_main.cc
Note: Google Test filter = MessageTest.InvalidTypeDeserialization
[==========] Running 1 test from 1 test suite.
[----------] Global test environment set-up.
[----------] 1 test from MessageTest
[ RUN      ] MessageTest.InvalidTypeDeserialization
[       OK ] MessageTest.InvalidTypeDeserialization (0 ms)
[----------] 1 test from MessageTest (0 ms total)

[----------] Global test environment tear-down
[==========] 1 test from 1 test suite ran. (0 ms total)
[  PASSED  ] 1 test.
<end of output>
Test time =   0.00 sec
----------------------------------------------------------
Test Passed.
"MessageTest.InvalidTypeDeserialization" end time: Mar 19 09:33 UTC
"MessageTest.InvalidTypeDeserialization" time elapsed: 00:00:00
----------------------------------------------------------

14/88 Testing: MessageTest.InvalidLengthDeserialization
14/88 Test: MessageTest.InvalidLengthDeserialization
Command: "/home/runner/work/DoIP-Lib/DoIP-Lib/build/doip_lib_test" "--gtest_filter=MessageTest.InvalidLengthDeserialization" "--gtest_also_run_disabled_tests"
Directory: /home/runner/work/DoIP-Lib/DoIP-Lib/build
"MessageTest.InvalidLengthDeserialization" start time: Mar 19 09:33 UTC
Output:
----------------------------------------------------------
Running main() from /home/runner/work/DoIP-Lib/DoIP-Lib/build/_deps/googletest-src/googletest/src/gtest_main.cc
Note: Google Test filter = MessageTest.InvalidLengthDeserialization
[==========] Running 1 test from 1 test suite.
[----------] Global test environment set-up.
[----------] 1 test from MessageTest
[ RUN      ] MessageTest.InvalidLengthDeserialization
[       OK ] MessageTest.InvalidLengthDeserialization (0 ms)
[----------] 1 test from MessageTest (0 ms total)

[----------] Global test environment tear-down
[==========] 1 test from 1 test suite ran. (0 ms total)
[  PASSED  ] 1 test.
<end of output>
Test time =   0.00 sec
----------------------------------------------------------
Test Passed.
"MessageTest.InvalidLengthDeserialization" end time: Mar 19 09:33 UTC
"MessageTest.InvalidLengthDeserialization" time elapsed: 00:00:00
----------------------------------------------------------

15/88 Testing: MessageTest.ValidPayloadTypeExtraction
15/88 Test: MessageTest.ValidPayloadTypeExtraction
Command: "/home/runner/work/DoIP-Lib/DoIP-Lib/build/doip_lib_test" "--gtest_filter=MessageTest.ValidPayloadTypeExtraction" "--gtest_also_run_disabled_tests"
Directory: /home/runner/work/DoIP-Lib/DoIP-Lib/build
"MessageTest.ValidPayloadTypeExtraction" start time: Mar 19 09:33 UTC
Output:
----------------------------------------------------------
Running main() from /home/runner/work/DoIP-Lib/DoIP-Lib/build/_deps/googletest-src/googletest/src/gtest_main.cc
Note: Google Test filter = MessageTest.ValidPayloadTypeExtraction
[==========] Running 1 test from 1 test suite.
[----------] Global test environment set-up.
[----------] 1 test from MessageTest
[ RUN      ] MessageTest.ValidPayloadTypeExtraction
[       OK ] MessageTest.ValidPayloadTypeExtraction (0 ms)
[----------] 1 test from MessageTest (0 ms total)

[----------] Global test environment tear-down
[==========] 1 test from 1 test suite ran. (0 ms total)
[  PASSED  ] 1 test.
<end of output>
Test time =   0.00 sec
----------------------------------------------------------
Test Passed.
"MessageTest.ValidPayloadTypeExtraction" end time: Mar 19 09:33 UTC
"MessageTest.ValidPayloadTypeExtraction" time elapsed: 00:00:00
----------------------------------------------------------

16/88 Testing: MessageTest.InvalidPayloadTypeExtraction
16/88 Test: MessageTest.InvalidPayloadTypeExtraction
Command: "/home/runner/work/DoIP-Lib/DoIP-Lib/build/doip_lib_test" "--gtest_filter=MessageTest.InvalidPayloadTypeExtraction" "--gtest_also_run_disabled_tests"
Directory: /home/runner/work/DoIP-Lib/DoIP-Lib/build
"MessageTest.InvalidPayloadTypeExtraction" start time: Mar 19 09:33 UTC
Output:
----------------------------------------------------------
Running main() from /home/runner/work/DoIP-Lib/DoIP-Lib/build/_deps/googletest-src/googletest/src/gtest_main.cc
Note: Google Test filter = MessageTest.InvalidPayloadTypeExtraction
[==========] Running 1 test from 1 test suite.
[----------] Global test environment set-up.
[----------] 1 test from MessageTest
[ RUN      ] MessageTest.InvalidPayloadTypeExtraction
[       OK ] MessageTest.InvalidPayloadTypeExtraction (0 ms)
[----------] 1 test from MessageTest (0 ms total)

[----------] Global test environment tear-down
[==========] 1 test from 1 test suite ran. (0 ms total)
[  PASSED  ] 1 test.
<end of output>
Test time =   0.00 sec
----------------------------------------------------------
Test Passed.
"MessageTest.InvalidPayloadTypeExtraction" end time: Mar 19 09:33 UTC
"MessageTest.InvalidPayloadTypeExtraction" time elapsed: 00:00:00
----------------------------------------------------------

17/88 Testing: GenericNackTest.Serialization
17/88 Test: GenericNackTest.Serialization
Command: "/home/runner/work/DoIP-Lib/DoIP-Lib/build/doip_lib_test" "--gtest_filter=GenericNackTest.Serialization" "--gtest_also_run_disabled_tests"
Directory: /home/runner/work/DoIP-Lib/DoIP-Lib/build
"GenericNackTest.Serialization" start time: Mar 19 09:33 UTC
Output:
----------------------------------------------------------
Running main() from /home/runner/work/DoIP-Lib/DoIP-Lib/build/_deps/googletest-src/googletest/src/gtest_main.cc
Note: Google Test filter = GenericNackTest.Serialization
[==========] Running 1 test from 1 test suite.
[----------] Global test environment set-up.
[----------] 1 test from GenericNackTest
[ RUN      ] GenericNackTest.Serialization
[       OK ] GenericNackTest.Serialization (0 ms)
[----------] 1 test from GenericNackTest (0 ms total)

[----------] Global test environment tear-down
[==========] 1 test from 1 test suite ran. (0 ms total)
[  PASSED  ] 1 test.
<end of output>
Test time =   0.00 sec
----------------------------------------------------------
Test Passed.
"GenericNackTest.Serialization" end time: Mar 19 09:33 UTC
"GenericNackTest.Serialization" time elapsed: 00:00:00
----------------------------------------------------------

18/88 Testing: GenericNackTest.ValidDeserialization
18/88 Test: GenericNackTest.ValidDeserialization
Command: "/home/runner/work/DoIP-Lib/DoIP-Lib/build/doip_lib_test" "--gtest_filter=GenericNackTest.ValidDeserialization" "--gtest_also_run_disabled_tests"
Directory: /home/runner/work/DoIP-Lib/DoIP-Lib/build
"GenericNackTest.ValidDeserialization" start time: Mar 19 09:33 UTC
Output:
----------------------------------------------------------
Running main() from /home/runner/work/DoIP-Lib/DoIP-Lib/build/_deps/googletest-src/googletest/src/gtest_main.cc
Note: Google Test filter = GenericNackTest.ValidDeserialization
[==========] Running 1 test from 1 test suite.
[----------] Global test environment set-up.
[----------] 1 test from GenericNackTest
[ RUN      ] GenericNackTest.ValidDeserialization
[       OK ] GenericNackTest.ValidDeserialization (0 ms)
[----------] 1 test from GenericNackTest (0 ms total)

[----------] Global test environment tear-down
[==========] 1 test from 1 test suite ran. (0 ms total)
[  PASSED  ] 1 test.
<end of output>
Test time =   0.00 sec
----------------------------------------------------------
Test Passed.
"GenericNackTest.ValidDeserialization" end time: Mar 19 09:33 UTC
"GenericNackTest.ValidDeserialization" time elapsed: 00:00:00
----------------------------------------------------------

19/88 Testing: GenericNackTest.InvalidDeserialization
19/88 Test: GenericNackTest.InvalidDeserialization
Command: "/home/runner/work/DoIP-Lib/DoIP-Lib/build/doip_lib_test" "--gtest_filter=GenericNackTest.InvalidDeserialization" "--gtest_also_run_disabled_tests"
Directory: /home/runner/work/DoIP-Lib/DoIP-Lib/build
"GenericNackTest.InvalidDeserialization" start time: Mar 19 09:33 UTC
Output:
----------------------------------------------------------
Running main() from /home/runner/work/DoIP-Lib/DoIP-Lib/build/_deps/googletest-src/googletest/src/gtest_main.cc
Note: Google Test filter = GenericNackTest.InvalidDeserialization
[==========] Running 1 test from 1 test suite.
[----------] Global test environment set-up.
[----------] 1 test from GenericNackTest
[ RUN      ] GenericNackTest.InvalidDeserialization
[       OK ] GenericNackTest.InvalidDeserialization (0 ms)
[----------] 1 test from GenericNackTest (0 ms total)

[----------] Global test environment tear-down
[==========] 1 test from 1 test suite ran. (0 ms total)
[  PASSED  ] 1 test.
<end of output>
Test time =   0.00 sec
----------------------------------------------------------
Test Passed.
"GenericNackTest.InvalidDeserialization" end time: Mar 19 09:33 UTC
"GenericNackTest.InvalidDeserialization" time elapsed: 00:00:00
----------------------------------------------------------

20/88 Testing: VehicleIdRequestTest.ValidDeserialization
20/88 Test: VehicleIdRequestTest.ValidDeserialization
Command: "/home/runner/work/DoIP-Lib/DoIP-Lib/build/doip_lib_test" "--gtest_filter=VehicleIdRequestTest.ValidDeserialization" "--gtest_also_run_disabled_tests"
Directory: /home/runner/work/DoIP-Lib/DoIP-Lib/build
"VehicleIdRequestTest.ValidDeserialization" start time: Mar 19 09:33 UTC
Output:
----------------------------------------------------------
Running main() from /home/runner/work/DoIP-Lib/DoIP-Lib/build/_deps/googletest-src/googletest/src/gtest_main.cc
Note: Google Test filter = VehicleIdRequestTest.ValidDeserialization
[==========] Running 1 test from 1 test suite.
[----------] Global test environment set-up.
[----------] 1 test from VehicleIdRequestTest
[ RUN      ] VehicleIdRequestTest.ValidDeserialization
[       OK ] VehicleIdRequestTest.ValidDeserialization (0 ms)
[----------] 1 test from VehicleIdRequestTest (0 ms total)

[----------] Global test environment tear-down
[==========] 1 test from 1 test suite ran. (0 ms total)
[  PASSED  ] 1 test.
<end of output>
Test time =   0.00 sec
----------------------------------------------------------
Test Passed.
"VehicleIdRequestTest.ValidDeserialization" end time: Mar 19 09:33 UTC
"VehicleIdRequestTest.ValidDeserialization" time elapsed: 00:00:00
----------------------------------------------------------

21/88 Testing: VehicleIdRequestTest.InvalidDeserialization
21/88 Test: VehicleIdRequestTest.InvalidDeserialization
Command: "/home/runner/work/DoIP-Lib/DoIP-Lib/build/doip_lib_test" "--gtest_filter=VehicleIdRequestTest.InvalidDeserialization" "--gtest_also_run_disabled_tests"
Directory: /home/runner/work/DoIP-Lib/DoIP-Lib/build
"VehicleIdRequestTest.InvalidDeserialization" start time: Mar 19 09:33 UTC
Output:
----------------------------------------------------------
Running main() from /home/runner/work/DoIP-Lib/DoIP-Lib/build/_deps/googletest-src/googletest/src/gtest_main.cc
Note: Google Test filter = VehicleIdRequestTest.InvalidDeserialization
[==========] Running 1 test from 1 test suite.
[----------] Global test environment set-up.
[----------] 1 test from VehicleIdRequestTest
[ RUN      ] VehicleIdRequestTest.InvalidDeserialization
[       OK ] VehicleIdRequestTest.InvalidDeserialization (0 ms)
[----------] 1 test from VehicleIdRequestTest (0 ms total)

[----------] Global test environment tear-down
[==========] 1 test from 1 test suite ran. (0 ms total)
[  PASSED  ] 1 test.
<end of output>
Test time =   0.00 sec
----------------------------------------------------------
Test Passed.
"VehicleIdRequestTest.InvalidDeserialization" end time: Mar 19 09:33 UTC
"VehicleIdRequestTest.InvalidDeserialization" time elapsed: 00:00:00
----------------------------------------------------------

22/88 Testing: EidVehicleIdRequestTest.Serialization
22/88 Test: EidVehicleIdRequestTest.Serialization
Command: "/home/runner/work/DoIP-Lib/DoIP-Lib/build/doip_lib_test" "--gtest_filter=EidVehicleIdRequestTest.Serialization" "--gtest_also_run_disabled_tests"
Directory: /home/runner/work/DoIP-Lib/DoIP-Lib/build
"EidVehicleIdRequestTest.Serialization" start time: Mar 19 09:33 UTC
Output:
----------------------------------------------------------
Running main() from /home/runner/work/DoIP-Lib/DoIP-Lib/build/_deps/googletest-src/googletest/src/gtest_main.cc
Note: Google Test filter = EidVehicleIdRequestTest.Serialization
[==========] Running 1 test from 1 test suite.
[----------] Global test environment set-up.
[----------] 1 test from EidVehicleIdRequestTest
[ RUN      ] EidVehicleIdRequestTest.Serialization
[       OK ] EidVehicleIdRequestTest.Serialization (0 ms)
[----------] 1 test from EidVehicleIdRequestTest (0 ms total)

[----------] Global test environment tear-down
[==========] 1 test from 1 test suite ran. (0 ms total)
[  PASSED  ] 1 test.
<end of output>
Test time =   0.00 sec
----------------------------------------------------------
Test Passed.
"EidVehicleIdRequestTest.Serialization" end time: Mar 19 09:33 UTC
"EidVehicleIdRequestTest.Serialization" time elapsed: 00:00:00
----------------------------------------------------------

23/88 Testing: EidVehicleIdRequestTest.ValidDeserialization
23/88 Test: EidVehicleIdRequestTest.ValidDeserialization
Command: "/home/runner/work/DoIP-Lib/DoIP-Lib/build/doip_lib_test" "--gtest_filter=EidVehicleIdRequestTest.ValidDeserialization" "--gtest_also_run_disabled_tests"
Directory: /home/runner/work/DoIP-Lib/DoIP-Lib/build
"EidVehicleIdRequestTest.ValidDeserialization" start time: Mar 19 09:33 UTC
Output:
----------------------------------------------------------
Running main() from /home/runner/work/DoIP-Lib/DoIP-Lib/build/_deps/googletest-src/googletest/src/gtest_main.cc
Note: Google Test filter = EidVehicleIdRequestTest.ValidDeserialization
[==========] Running 1 test from 1 test suite.
[----------] Global test environment set-up.
[----------] 1 test from EidVehicleIdRequestTest
[ RUN      ] EidVehicleIdRequestTest.ValidDeserialization
[       OK ] EidVehicleIdRequestTest.ValidDeserialization (0 ms)
[----------] 1 test from EidVehicleIdRequestTest (0 ms total)

[----------] Global test environment tear-down
[==========] 1 test from 1 test suite ran. (0 ms total)
[  PASSED  ] 1 test.
<end of output>
Test time =   0.00 sec
----------------------------------------------------------
Test Passed.
"EidVehicleIdRequestTest.ValidDeserialization" end time: Mar 19 09:33 UTC
"EidVehicleIdRequestTest.ValidDeserialization" time elapsed: 00:00:00
----------------------------------------------------------

24/88 Testing: EidVehicleIdRequestTest.InvalidDeserialization
24/88 Test: EidVehicleIdRequestTest.InvalidDeserialization
Command: "/home/runner/work/DoIP-Lib/DoIP-Lib/build/doip_lib_test" "--gtest_filter=EidVehicleIdRequestTest.InvalidDeserialization" "--gtest_also_run_disabled_tests"
Directory: /home/runner/work/DoIP-Lib/DoIP-Lib/build
"EidVehicleIdRequestTest.InvalidDeserialization" start time: Mar 19 09:33 UTC
Output:
----------------------------------------------------------
Running main() from /home/runner/work/DoIP-Lib/DoIP-Lib/build/_deps/googletest-src/googletest/src/gtest_main.cc
Note: Google Test filter = EidVehicleIdRequestTest.InvalidDeserialization
[==========] Running 1 test from 1 test suite.
[----------] Global test environment set-up.
[----------] 1 test from EidVehicleIdRequestTest
[ RUN      ] EidVehicleIdRequestTest.InvalidDeserialization
[       OK ] EidVehicleIdRequestTest.InvalidDeserialization (0 ms)
[----------] 1 test from EidVehicleIdRequestTest (0 ms total)

[----------] Global test environment tear-down
[==========] 1 test from 1 test suite ran. (0 ms total)
[  PASSED  ] 1 test.
<end of output>
Test time =   0.00 sec
----------------------------------------------------------
Test Passed.
"EidVehicleIdRequestTest.InvalidDeserialization" end time: Mar 19 09:33 UTC
"EidVehicleIdRequestTest.InvalidDeserialization" time elapsed: 00:00:00
----------------------------------------------------------

25/88 Testing: VinVehicleIdRequestTest.Constructor
25/88 Test: VinVehicleIdRequestTest.Constructor
Command: "/home/runner/work/DoIP-Lib/DoIP-Lib/build/doip_lib_test" "--gtest_filter=VinVehicleIdRequestTest.Constructor" "--gtest_also_run_disabled_tests"
Directory: /home/runner/work/DoIP-Lib/DoIP-Lib/build
"VinVehicleIdRequestTest.Constructor" start time: Mar 19 09:33 UTC
Output:
----------------------------------------------------------
Running main() from /home/runner/work/DoIP-Lib/DoIP-Lib/build/_deps/googletest-src/googletest/src/gtest_main.cc
Note: Google Test filter = VinVehicleIdRequestTest.Constructor
[==========] Running 1 test from 1 test suite.
[----------] Global test environment set-up.
[----------] 1 test from VinVehicleIdRequestTest
[ RUN      ] VinVehicleIdRequestTest.Constructor
[       OK ] VinVehicleIdRequestTest.Constructor (0 ms)
[----------] 1 test from VinVehicleIdRequestTest (0 ms total)

[----------] Global test environment tear-down
[==========] 1 test from 1 test suite ran. (0 ms total)
[  PASSED  ] 1 test.
<end of output>
Test time =   0.00 sec
----------------------------------------------------------
Test Passed.
"VinVehicleIdRequestTest.Constructor" end time: Mar 19 09:33 UTC
"VinVehicleIdRequestTest.Constructor" time elapsed: 00:00:00
----------------------------------------------------------

26/88 Testing: VinVehicleIdRequestTest.Serialization
26/88 Test: VinVehicleIdRequestTest.Serialization
Command: "/home/runner/work/DoIP-Lib/DoIP-Lib/build/doip_lib_test" "--gtest_filter=VinVehicleIdRequestTest.Serialization" "--gtest_also_run_disabled_tests"
Directory: /home/runner/work/DoIP-Lib/DoIP-Lib/build
"VinVehicleIdRequestTest.Serialization" start time: Mar 19 09:33 UTC
Output:
----------------------------------------------------------
Running main() from /home/runner/work/DoIP-Lib/DoIP-Lib/build/_deps/googletest-src/googletest/src/gtest_main.cc
Note: Google Test filter = VinVehicleIdRequestTest.Serialization
[==========] Running 1 test from 1 test suite.
[----------] Global test environment set-up.
[----------] 1 test from VinVehicleIdRequestTest
[ RUN      ] VinVehicleIdRequestTest.Serialization
[       OK ] VinVehicleIdRequestTest.Serialization (0 ms)
[----------] 1 test from VinVehicleIdRequestTest (0 ms total)

[----------] Global test environment tear-down
[==========] 1 test from 1 test suite ran. (0 ms total)
[  PASSED  ] 1 test.
<end of output>
Test time =   0.00 sec
----------------------------------------------------------
Test Passed.
"VinVehicleIdRequestTest.Serialization" end time: Mar 19 09:33 UTC
"VinVehicleIdRequestTest.Serialization" time elapsed: 00:00:00
----------------------------------------------------------

27/88 Testing: VinVehicleIdRequestTest.ValidDeserialization
27/88 Test: VinVehicleIdRequestTest.ValidDeserialization
Command: "/home/runner/work/DoIP-Lib/DoIP-Lib/build/doip_lib_test" "--gtest_filter=VinVehicleIdRequestTest.ValidDeserialization" "--gtest_also_run_disabled_tests"
Directory: /home/runner/work/DoIP-Lib/DoIP-Lib/build
"VinVehicleIdRequestTest.ValidDeserialization" start time: Mar 19 09:33 UTC
Output:
----------------------------------------------------------
Running main() from /home/runner/work/DoIP-Lib/DoIP-Lib/build/_deps/googletest-src/googletest/src/gtest_main.cc
Note: Google Test filter = VinVehicleIdRequestTest.ValidDeserialization
[==========] Running 1 test from 1 test suite.
[----------] Global test environment set-up.
[----------] 1 test from VinVehicleIdRequestTest
[ RUN      ] VinVehicleIdRequestTest.ValidDeserialization
[       OK ] VinVehicleIdRequestTest.ValidDeserialization (0 ms)
[----------] 1 test from VinVehicleIdRequestTest (0 ms total)

[----------] Global test environment tear-down
[==========] 1 test from 1 test suite ran. (0 ms total)
[  PASSED  ] 1 test.
<end of output>
Test time =   0.00 sec
----------------------------------------------------------
Test Passed.
"VinVehicleIdRequestTest.ValidDeserialization" end time: Mar 19 09:33 UTC
"VinVehicleIdRequestTest.ValidDeserialization" time elapsed: 00:00:00
----------------------------------------------------------

28/88 Testing: VinVehicleIdRequestTest.InvalidDeserialization
28/88 Test: VinVehicleIdRequestTest.InvalidDeserialization
Command: "/home/runner/work/DoIP-Lib/DoIP-Lib/build/doip_lib_test" "--gtest_filter=VinVehicleIdRequestTest.InvalidDeserialization" "--gtest_also_run_disabled_tests"
Directory: /home/runner/work/DoIP-Lib/DoIP-Lib/build
"VinVehicleIdRequestTest.InvalidDeserialization" start time: Mar 19 09:33 UTC
Output:
----------------------------------------------------------
Running main() from /home/runner/work/DoIP-Lib/DoIP-Lib/build/_deps/googletest-src/googletest/src/gtest_main.cc
Note: Google Test filter = VinVehicleIdRequestTest.InvalidDeserialization
[==========] Running 1 test from 1 test suite.
[----------] Global test environment set-up.
[----------] 1 test from VinVehicleIdRequestTest
[ RUN      ] VinVehicleIdRequestTest.InvalidDeserialization
[       OK ] VinVehicleIdRequestTest.InvalidDeserialization (0 ms)
[----------] 1 test from VinVehicleIdRequestTest (0 ms total)

[----------] Global test environment tear-down
[==========] 1 test from 1 test suite ran. (0 ms total)
[  PASSED  ] 1 test.
<end of output>
Test time =   0.00 sec
----------------------------------------------------------
Test Passed.
"VinVehicleIdRequestTest.InvalidDeserialization" end time: Mar 19 09:33 UTC
"VinVehicleIdRequestTest.InvalidDeserialization" time elapsed: 00:00:00
----------------------------------------------------------

29/88 Testing: VehicleIdResponeTest.Constructor
29/88 Test: VehicleIdResponeTest.Constructor
Command: "/home/runner/work/DoIP-Lib/DoIP-Lib/build/doip_lib_test" "--gtest_filter=VehicleIdResponeTest.Constructor" "--gtest_also_run_disabled_tests"
Directory: /home/runner/work/DoIP-Lib/DoIP-Lib/build
"VehicleIdResponeTest.Constructor" start time: Mar 19 09:33 UTC
Output:
----------------------------------------------------------
Running main() from /home/runner/work/DoIP-Lib/DoIP-Lib/build/_deps/googletest-src/googletest/src/gtest_main.cc
Note: Google Test filter = VehicleIdResponeTest.Constructor
[==========] Running 1 test from 1 test suite.
[----------] Global test environment set-up.
[----------] 1 test from VehicleIdResponeTest
[ RUN      ] VehicleIdResponeTest.Constructor
[       OK ] VehicleIdResponeTest.Constructor (0 ms)
[----------] 1 test from VehicleIdResponeTest (0 ms total)

[----------] Global test environment tear-down
[==========] 1 test from 1 test suite ran. (0 ms total)
[  PASSED  ] 1 test.
<end of output>
Test time =   0.00 sec
----------------------------------------------------------
Test Passed.
"VehicleIdResponeTest.Constructor" end time: Mar 19 09:33 UTC
"VehicleIdResponeTest.Constructor" time elapsed: 00:00:00
----------------------------------------------------------

30/88 Testing: VehicleIdResponeTest.SerializationWithoutSync
30/88 Test: VehicleIdResponeTest.SerializationWithoutSync
Command: "/home/runner/work/DoIP-Lib/DoIP-Lib/build/doip_lib_test" "--gtest_filter=VehicleIdResponeTest.SerializationWithoutSync" "--gtest_also_run_disabled_tests"
Directory: /home/runner/work/DoIP-Lib/DoIP-Lib/build
"VehicleIdResponeTest.SerializationWithoutSync" start time: Mar 19 09:33 UTC
Output:
----------------------------------------------------------
Running main() from /home/runner/work/DoIP-Lib/DoIP-Lib/build/_deps/googletest-src/googletest/src/gtest_main.cc
Note: Google Test filter = VehicleIdResponeTest.SerializationWithoutSync
[==========] Running 1 test from 1 test suite.
[----------] Global test environment set-up.
[----------] 1 test from VehicleIdResponeTest
[ RUN      ] VehicleIdResponeTest.SerializationWithoutSync
[       OK ] VehicleIdResponeTest.SerializationWithoutSync (0 ms)
[----------] 1 test from VehicleIdResponeTest (0 ms total)

[----------] Global test environment tear-down
[==========] 1 test from 1 test suite ran. (0 ms total)
[  PASSED  ] 1 test.
<end of output>
Test time =   0.00 sec
----------------------------------------------------------
Test Passed.
"VehicleIdResponeTest.SerializationWithoutSync" end time: Mar 19 09:33 UTC
"VehicleIdResponeTest.SerializationWithoutSync" time elapsed: 00:00:00
----------------------------------------------------------

31/88 Testing: VehicleIdResponeTest.SerializationUsingSync
31/88 Test: VehicleIdResponeTest.SerializationUsingSync
Command: "/home/runner/work/DoIP-Lib/DoIP-Lib/build/doip_lib_test" "--gtest_filter=VehicleIdResponeTest.SerializationUsingSync" "--gtest_also_run_disabled_tests"
Directory: /home/runner/work/DoIP-Lib/DoIP-Lib/build
"VehicleIdResponeTest.SerializationUsingSync" start time: Mar 19 09:33 UTC
Output:
----------------------------------------------------------
Running main() from /home/runner/work/DoIP-Lib/DoIP-Lib/build/_deps/googletest-src/googletest/src/gtest_main.cc
Note: Google Test filter = VehicleIdResponeTest.SerializationUsingSync
[==========] Running 1 test from 1 test suite.
[----------] Global test environment set-up.
[----------] 1 test from VehicleIdResponeTest
[ RUN      ] VehicleIdResponeTest.SerializationUsingSync
[       OK ] VehicleIdResponeTest.SerializationUsingSync (0 ms)
[----------] 1 test from VehicleIdResponeTest (0 ms total)

[----------] Global test environment tear-down
[==========] 1 test from 1 test suite ran. (0 ms total)
[  PASSED  ] 1 test.
<end of output>
Test time =   0.00 sec
----------------------------------------------------------
Test Passed.
"VehicleIdResponeTest.SerializationUsingSync" end time: Mar 19 09:33 UTC
"VehicleIdResponeTest.SerializationUsingSync" time elapsed: 00:00:00
----------------------------------------------------------

32/88 Testing: VehicleIdResponeTest.DeserializationWithoutSync
32/88 Test: VehicleIdResponeTest.DeserializationWithoutSync
Command: "/home/runner/work/DoIP-Lib/DoIP-Lib/build/doip_lib_test" "--gtest_filter=VehicleIdResponeTest.DeserializationWithoutSync" "--gtest_also_run_disabled_tests"
Directory: /home/runner/work/DoIP-Lib/DoIP-Lib/build
"VehicleIdResponeTest.DeserializationWithoutSync" start time: Mar 19 09:33 UTC
Output:
----------------------------------------------------------
Running main() from /home/runner/work/DoIP-Lib/DoIP-Lib/build/_deps/googletest-src/googletest/src/gtest_main.cc
Note: Google Test filter = VehicleIdResponeTest.DeserializationWithoutSync
[==========] Running 1 test from 1 test suite.
[----------] Global test environment set-up.
[----------] 1 test from VehicleIdResponeTest
[ RUN      ] VehicleIdResponeTest.DeserializationWithoutSync
[       OK ] VehicleIdResponeTest.DeserializationWithoutSync (0 ms)
[----------] 1 test from VehicleIdResponeTest (0 ms total)

[----------] Global test environment tear-down
[==========] 1 test from 1 test suite ran. (0 ms total)
[  PASSED  ] 1 test.
<end of output>
Test time =   0.00 sec
----------------------------------------------------------
Test Passed.
"VehicleIdResponeTest.DeserializationWithoutSync" end time: Mar 19 09:33 UTC
"VehicleIdResponeTest.DeserializationWithoutSync" time elapsed: 00:00:00
----------------------------------------------------------

33/88 Testing: VehicleIdResponeTest.DeserializationUsingSync
33/88 Test: VehicleIdResponeTest.DeserializationUsingSync
Command: "/home/runner/work/DoIP-Lib/DoIP-Lib/build/doip_lib_test" "--gtest_filter=VehicleIdResponeTest.DeserializationUsingSync" "--gtest_also_run_disabled_tests"
Directory: /home/runner/work/DoIP-Lib/DoIP-Lib/build
"VehicleIdResponeTest.DeserializationUsingSync" start time: Mar 19 09:33 UTC
Output:
----------------------------------------------------------
Running main() from /home/runner/work/DoIP-Lib/DoIP-Lib/build/_deps/googletest-src/googletest/src/gtest_main.cc
Note: Google Test filter = VehicleIdResponeTest.DeserializationUsingSync
[==========] Running 1 test from 1 test suite.
[----------] Global test environment set-up.
[----------] 1 test from VehicleIdResponeTest
[ RUN      ] VehicleIdResponeTest.DeserializationUsingSync
[       OK ] VehicleIdResponeTest.DeserializationUsingSync (0 ms)
[----------] 1 test from VehicleIdResponeTest (0 ms total)

[----------] Global test environment tear-down
[==========] 1 test from 1 test suite ran. (0 ms total)
[  PASSED  ] 1 test.
<end of output>
Test time =   0.00 sec
----------------------------------------------------------
Test Passed.
"VehicleIdResponeTest.DeserializationUsingSync" end time: Mar 19 09:33 UTC
"VehicleIdResponeTest.DeserializationUsingSync" time elapsed: 00:00:00
----------------------------------------------------------

34/88 Testing: VehicleIdResponeTest.InvalidDeserialization
34/88 Test: VehicleIdResponeTest.InvalidDeserialization
Command: "/home/runner/work/DoIP-Lib/DoIP-Lib/build/doip_lib_test" "--gtest_filter=VehicleIdResponeTest.InvalidDeserialization" "--gtest_also_run_disabled_tests"
Directory: /home/runner/work/DoIP-Lib/DoIP-Lib/build
"VehicleIdResponeTest.InvalidDeserialization" start time: Mar 19 09:33 UTC
Output:
----------------------------------------------------------
Running main() from /home/runner/work/DoIP-Lib/DoIP-Lib/build/_deps/googletest-src/googletest/src/gtest_main.cc
Note: Google Test filter = VehicleIdResponeTest.InvalidDeserialization
[==========] Running 1 test from 1 test suite.
[----------] Global test environment set-up.
[----------] 1 test from VehicleIdResponeTest
[ RUN      ] VehicleIdResponeTest.InvalidDeserialization
[       OK ] VehicleIdResponeTest.InvalidDeserialization (0 ms)
[----------] 1 test from VehicleIdResponeTest (0 ms total)

[----------] Global test environment tear-down
[==========] 1 test from 1 test suite ran. (0 ms total)
[  PASSED  ] 1 test.
<end of output>
Test time =   0.00 sec
----------------------------------------------------------
Test Passed.
"VehicleIdResponeTest.InvalidDeserialization" end time: Mar 19 09:33 UTC
"VehicleIdResponeTest.InvalidDeserialization" time elapsed: 00:00:00
----------------------------------------------------------

35/88 Testing: RoutingActivationRequestTest.SerializationWithoutOemData
35/88 Test: RoutingActivationRequestTest.SerializationWithoutOemData
Command: "/home/runner/work/DoIP-Lib/DoIP-Lib/build/doip_lib_test" "--gtest_filter=RoutingActivationRequestTest.SerializationWithoutOemData" "--gtest_also_run_disabled_tests"
Directory: /home/runner/work/DoIP-Lib/DoIP-Lib/build
"RoutingActivationRequestTest.SerializationWithoutOemData" start time: Mar 19 09:33 UTC
Output:
----------------------------------------------------------
Running main() from /home/runner/work/DoIP-Lib/DoIP-Lib/build/_deps/googletest-src/googletest/src/gtest_main.cc
Note: Google Test filter = RoutingActivationRequestTest.SerializationWithoutOemData
[==========] Running 1 test from 1 test suite.
[----------] Global test environment set-up.
[----------] 1 test from RoutingActivationRequestTest
[ RUN      ] RoutingActivationRequestTest.SerializationWithoutOemData
[       OK ] RoutingActivationRequestTest.SerializationWithoutOemData (0 ms)
[----------] 1 test from RoutingActivationRequestTest (0 ms total)

[----------] Global test environment tear-down
[==========] 1 test from 1 test suite ran. (0 ms total)
[  PASSED  ] 1 test.
<end of output>
Test time =   0.00 sec
----------------------------------------------------------
Test Passed.
"RoutingActivationRequestTest.SerializationWithoutOemData" end time: Mar 19 09:33 UTC
"RoutingActivationRequestTest.SerializationWithoutOemData" time elapsed: 00:00:00
----------------------------------------------------------

36/88 Testing: RoutingActivationRequestTest.SerializationUsingOemData
36/88 Test: RoutingActivationRequestTest.SerializationUsingOemData
Command: "/home/runner/work/DoIP-Lib/DoIP-Lib/build/doip_lib_test" "--gtest_filter=RoutingActivationRequestTest.SerializationUsingOemData" "--gtest_also_run_disabled_tests"
Directory: /home/runner/work/DoIP-Lib/DoIP-Lib/build
"RoutingActivationRequestTest.SerializationUsingOemData" start time: Mar 19 09:33 UTC
Output:
----------------------------------------------------------
Running main() from /home/runner/work/DoIP-Lib/DoIP-Lib/build/_deps/googletest-src/googletest/src/gtest_main.cc
Note: Google Test filter = RoutingActivationRequestTest.SerializationUsingOemData
[==========] Running 1 test from 1 test suite.
[----------] Global test environment set-up.
[----------] 1 test from RoutingActivationRequestTest
[ RUN      ] RoutingActivationRequestTest.SerializationUsingOemData
[       OK ] RoutingActivationRequestTest.SerializationUsingOemData (0 ms)
[----------] 1 test from RoutingActivationRequestTest (0 ms total)

[----------] Global test environment tear-down
[==========] 1 test from 1 test suite ran. (0 ms total)
[  PASSED  ] 1 test.
<end of output>
Test time =   0.00 sec
----------------------------------------------------------
Test Passed.
"RoutingActivationRequestTest.SerializationUsingOemData" end time: Mar 19 09:33 UTC
"RoutingActivationRequestTest.SerializationUsingOemData" time elapsed: 00:00:00
----------------------------------------------------------

37/88 Testing: RoutingActivationRequestTest.ValidDeserializationWithoutOemData
37/88 Test: RoutingActivationRequestTest.ValidDeserializationWithoutOemData
Command: "/home/runner/work/DoIP-Lib/DoIP-Lib/build/doip_lib_test" "--gtest_filter=RoutingActivationRequestTest.ValidDeserializationWithoutOemData" "--gtest_also_run_disabled_tests"
Directory: /home/runner/work/DoIP-Lib/DoIP-Lib/build
"RoutingActivationRequestTest.ValidDeserializationWithoutOemData" start time: Mar 19 09:33 UTC
Output:
----------------------------------------------------------
Running main() from /home/runner/work/DoIP-Lib/DoIP-Lib/build/_deps/googletest-src/googletest/src/gtest_main.cc
Note: Google Test filter = RoutingActivationRequestTest.ValidDeserializationWithoutOemData
[==========] Running 1 test from 1 test suite.
[----------] Global test environment set-up.
[----------] 1 test from RoutingActivationRequestTest
[ RUN      ] RoutingActivationRequestTest.ValidDeserializationWithoutOemData
[       OK ] RoutingActivationRequestTest.ValidDeserializationWithoutOemData (0 ms)
[----------] 1 test from RoutingActivationRequestTest (0 ms total)

[----------] Global test environment tear-down
[==========] 1 test from 1 test suite ran. (0 ms total)
[  PASSED  ] 1 test.
<end of output>
Test time =   0.00 sec
----------------------------------------------------------
Test Passed.
"RoutingActivationRequestTest.ValidDeserializationWithoutOemData" end time: Mar 19 09:33 UTC
"RoutingActivationRequestTest.ValidDeserializationWithoutOemData" time elapsed: 00:00:00
----------------------------------------------------------

38/88 Testing: RoutingActivationRequestTest.ValidDeserializationUsingOemData
38/88 Test: RoutingActivationRequestTest.ValidDeserializationUsingOemData
Command: "/home/runner/work/DoIP-Lib/DoIP-Lib/build/doip_lib_test" "--gtest_filter=RoutingActivationRequestTest.ValidDeserializationUsingOemData" "--gtest_also_run_disabled_tests"
Directory: /home/runner/work/DoIP-Lib/DoIP-Lib/build
"RoutingActivationRequestTest.ValidDeserializationUsingOemData" start time: Mar 19 09:33 UTC
Output:
----------------------------------------------------------
Running main() from /home/runner/work/DoIP-Lib/DoIP-Lib/build/_deps/googletest-src/googletest/src/gtest_main.cc
Note: Google Test filter = RoutingActivationRequestTest.ValidDeserializationUsingOemData
[==========] Running 1 test from 1 test suite.
[----------] Global test environment set-up.
[----------] 1 test from RoutingActivationRequestTest
[ RUN      ] RoutingActivationRequestTest.ValidDeserializationUsingOemData
[       OK ] RoutingActivationRequestTest.ValidDeserializationUsingOemData (0 ms)
[----------] 1 test from RoutingActivationRequestTest (0 ms total)

[----------] Global test environment tear-down
[==========] 1 test from 1 test suite ran. (0 ms total)
[  PASSED  ] 1 test.
<end of output>
Test time =   0.00 sec
----------------------------------------------------------
Test Passed.
"RoutingActivationRequestTest.ValidDeserializationUsingOemData" end time: Mar 19 09:33 UTC
"RoutingActivationRequestTest.ValidDeserializationUsingOemData" time elapsed: 00:00:00
----------------------------------------------------------

39/88 Testing: RoutingActivationRequestTest.InvalidSizeDeserialization
39/88 Test: RoutingActivationRequestTest.InvalidSizeDeserialization
Command: "/home/runner/work/DoIP-Lib/DoIP-Lib/build/doip_lib_test" "--gtest_filter=RoutingActivationRequestTest.InvalidSizeDeserialization" "--gtest_also_run_disabled_tests"
Directory: /home/runner/work/DoIP-Lib/DoIP-Lib/build
"RoutingActivationRequestTest.InvalidSizeDeserialization" start time: Mar 19 09:33 UTC
Output:
----------------------------------------------------------
Running main() from /home/runner/work/DoIP-Lib/DoIP-Lib/build/_deps/googletest-src/googletest/src/gtest_main.cc
Note: Google Test filter = RoutingActivationRequestTest.InvalidSizeDeserialization
[==========] Running 1 test from 1 test suite.
[----------] Global test environment set-up.
[----------] 1 test from RoutingActivationRequestTest
[ RUN      ] RoutingActivationRequestTest.InvalidSizeDeserialization
[       OK ] RoutingActivationRequestTest.InvalidSizeDeserialization (0 ms)
[----------] 1 test from RoutingActivationRequestTest (0 ms total)

[----------] Global test environment tear-down
[==========] 1 test from 1 test suite ran. (0 ms total)
[  PASSED  ] 1 test.
<end of output>
Test time =   0.00 sec
----------------------------------------------------------
Test Passed.
"RoutingActivationRequestTest.InvalidSizeDeserialization" end time: Mar 19 09:33 UTC
"RoutingActivationRequestTest.InvalidSizeDeserialization" time elapsed: 00:00:00
----------------------------------------------------------

40/88 Testing: RoutingActivationRequestTest.InvalidDeserializationWithoutOemData
40/88 Test: RoutingActivationRequestTest.InvalidDeserializationWithoutOemData
Command: "/home/runner/work/DoIP-Lib/DoIP-Lib/build/doip_lib_test" "--gtest_filter=RoutingActivationRequestTest.InvalidDeserializationWithoutOemData" "--gtest_also_run_disabled_tests"
Directory: /home/runner/work/DoIP-Lib/DoIP-Lib/build
"RoutingActivationRequestTest.InvalidDeserializationWithoutOemData" start time: Mar 19 09:33 UTC
Output:
----------------------------------------------------------
Running main() from /home/runner/work/DoIP-Lib/DoIP-Lib/build/_deps/googletest-src/googletest/src/gtest_main.cc
Note: Google Test filter = RoutingActivationRequestTest.InvalidDeserializationWithoutOemData
[==========] Running 1 test from 1 test suite.
[----------] Global test environment set-up.
[----------] 1 test from RoutingActivationRequestTest
[ RUN      ] RoutingActivationRequestTest.InvalidDeserializationWithoutOemData
[       OK ] RoutingActivationRequestTest.InvalidDeserializationWithoutOemData (0 ms)
[----------] 1 test from RoutingActivationRequestTest (0 ms total)

[----------] Global test environment tear-down
[==========] 1 test from 1 test suite ran. (0 ms total)
[  PASSED  ] 1 test.
<end of output>
Test time =   0.00 sec
----------------------------------------------------------
Test Passed.
"RoutingActivationRequestTest.InvalidDeserializationWithoutOemData" end time: Mar 19 09:33 UTC
"RoutingActivationRequestTest.InvalidDeserializationWithoutOemData" time elapsed: 00:00:00
----------------------------------------------------------

41/88 Testing: RoutingActivationRequestTest.InvalidDeserializationUsingOemData
41/88 Test: RoutingActivationRequestTest.InvalidDeserializationUsingOemData
Command: "/home/runner/work/DoIP-Lib/DoIP-Lib/build/doip_lib_test" "--gtest_filter=RoutingActivationRequestTest.InvalidDeserializationUsingOemData" "--gtest_also_run_disabled_tests"
Directory: /home/runner/work/DoIP-Lib/DoIP-Lib/build
"RoutingActivationRequestTest.InvalidDeserializationUsingOemData" start time: Mar 19 09:33 UTC
Output:
----------------------------------------------------------
Running main() from /home/runner/work/DoIP-Lib/DoIP-Lib/build/_deps/googletest-src/googletest/src/gtest_main.cc
Note: Google Test filter = RoutingActivationRequestTest.InvalidDeserializationUsingOemData
[==========] Running 1 test from 1 test suite.
[----------] Global test environment set-up.
[----------] 1 test from RoutingActivationRequestTest
[ RUN      ] RoutingActivationRequestTest.InvalidDeserializationUsingOemData
[       OK ] RoutingActivationRequestTest.InvalidDeserializationUsingOemData (0 ms)
[----------] 1 test from RoutingActivationRequestTest (0 ms total)

[----------] Global test environment tear-down
[==========] 1 test from 1 test suite ran. (0 ms total)
[  PASSED  ] 1 test.
<end of output>
Test time =   0.00 sec
----------------------------------------------------------
Test Passed.
"RoutingActivationRequestTest.InvalidDeserializationUsingOemData" end time: Mar 19 09:33 UTC
"RoutingActivationRequestTest.InvalidDeserializationUsingOemData" time elapsed: 00:00:00
----------------------------------------------------------

42/88 Testing: RoutingActivationResponseTest.SerializationWithoutOemData
42/88 Test: RoutingActivationResponseTest.SerializationWithoutOemData
Command: "/home/runner/work/DoIP-Lib/DoIP-Lib/build/doip_lib_test" "--gtest_filter=RoutingActivationResponseTest.SerializationWithoutOemData" "--gtest_also_run_disabled_tests"
Directory: /home/runner/work/DoIP-Lib/DoIP-Lib/build
"RoutingActivationResponseTest.SerializationWithoutOemData" start time: Mar 19 09:33 UTC
Output:
----------------------------------------------------------
Running main() from /home/runner/work/DoIP-Lib/DoIP-Lib/build/_deps/googletest-src/googletest/src/gtest_main.cc
Note: Google Test filter = RoutingActivationResponseTest.SerializationWithoutOemData
[==========] Running 1 test from 1 test suite.
[----------] Global test environment set-up.
[----------] 1 test from RoutingActivationResponseTest
[ RUN      ] RoutingActivationResponseTest.SerializationWithoutOemData
[       OK ] RoutingActivationResponseTest.SerializationWithoutOemData (0 ms)
[----------] 1 test from RoutingActivationResponseTest (0 ms total)

[----------] Global test environment tear-down
[==========] 1 test from 1 test suite ran. (0 ms total)
[  PASSED  ] 1 test.
<end of output>
Test time =   0.00 sec
----------------------------------------------------------
Test Passed.
"RoutingActivationResponseTest.SerializationWithoutOemData" end time: Mar 19 09:33 UTC
"RoutingActivationResponseTest.SerializationWithoutOemData" time elapsed: 00:00:00
----------------------------------------------------------

43/88 Testing: RoutingActivationResponseTest.SerializationUsingOemData
43/88 Test: RoutingActivationResponseTest.SerializationUsingOemData
Command: "/home/runner/work/DoIP-Lib/DoIP-Lib/build/doip_lib_test" "--gtest_filter=RoutingActivationResponseTest.SerializationUsingOemData" "--gtest_also_run_disabled_tests"
Directory: /home/runner/work/DoIP-Lib/DoIP-Lib/build
"RoutingActivationResponseTest.SerializationUsingOemData" start time: Mar 19 09:33 UTC
Output:
----------------------------------------------------------
Running main() from /home/runner/work/DoIP-Lib/DoIP-Lib/build/_deps/googletest-src/googletest/src/gtest_main.cc
Note: Google Test filter = RoutingActivationResponseTest.SerializationUsingOemData
[==========] Running 1 test from 1 test suite.
[----------] Global test environment set-up.
[----------] 1 test from RoutingActivationResponseTest
[ RUN      ] RoutingActivationResponseTest.SerializationUsingOemData
[       OK ] RoutingActivationResponseTest.SerializationUsingOemData (0 ms)
[----------] 1 test from RoutingActivationResponseTest (0 ms total)

[----------] Global test environment tear-down
[==========] 1 test from 1 test suite ran. (0 ms total)
[  PASSED  ] 1 test.
<end of output>
Test time =   0.00 sec
----------------------------------------------------------
Test Passed.
"RoutingActivationResponseTest.SerializationUsingOemData" end time: Mar 19 09:33 UTC
"RoutingActivationResponseTest.SerializationUsingOemData" time elapsed: 00:00:00
----------------------------------------------------------

44/88 Testing: RoutingActivationResponseTest.DeserializationWithoutOemData
44/88 Test: RoutingActivationResponseTest.DeserializationWithoutOemData
Command: "/home/runner/work/DoIP-Lib/DoIP-Lib/build/doip_lib_test" "--gtest_filter=RoutingActivationResponseTest.DeserializationWithoutOemData" "--gtest_also_run_disabled_tests"
Directory: /home/runner/work/DoIP-Lib/DoIP-Lib/build
"RoutingActivationResponseTest.DeserializationWithoutOemData" start time: Mar 19 09:33 UTC
Output:
----------------------------------------------------------
Running main() from /home/runner/work/DoIP-Lib/DoIP-Lib/build/_deps/googletest-src/googletest/src/gtest_main.cc
Note: Google Test filter = RoutingActivationResponseTest.DeserializationWithoutOemData
[==========] Running 1 test from 1 test suite.
[----------] Global test environment set-up.
[----------] 1 test from RoutingActivationResponseTest
[ RUN      ] RoutingActivationResponseTest.DeserializationWithoutOemData
[       OK ] RoutingActivationResponseTest.DeserializationWithoutOemData (0 ms)
[----------] 1 test from RoutingActivationResponseTest (0 ms total)

[----------] Global test environment tear-down
[==========] 1 test from 1 test suite ran. (0 ms total)
[  PASSED  ] 1 test.
<end of output>
Test time =   0.00 sec
----------------------------------------------------------
Test Passed.
"RoutingActivationResponseTest.DeserializationWithoutOemData" end time: Mar 19 09:33 UTC
"RoutingActivationResponseTest.DeserializationWithoutOemData" time elapsed: 00:00:00
----------------------------------------------------------

45/88 Testing: RoutingActivationResponseTest.DeserializationUsingOemData
45/88 Test: RoutingActivationResponseTest.DeserializationUsingOemData
Command: "/home/runner/work/DoIP-Lib/DoIP-Lib/build/doip_lib_test" "--gtest_filter=RoutingActivationResponseTest.DeserializationUsingOemData" "--gtest_also_run_disabled_tests"
Directory: /home/runner/work/DoIP-Lib/DoIP-Lib/build
"RoutingActivationResponseTest.DeserializationUsingOemData" start time: Mar 19 09:33 UTC
Output:
----------------------------------------------------------
Running main() from /home/runner/work/DoIP-Lib/DoIP-Lib/build/_deps/googletest-src/googletest/src/gtest_main.cc
Note: Google Test filter = RoutingActivationResponseTest.DeserializationUsingOemData
[==========] Running 1 test from 1 test suite.
[----------] Global test environment set-up.
[----------] 1 test from RoutingActivationResponseTest
[ RUN      ] RoutingActivationResponseTest.DeserializationUsingOemData
[       OK ] RoutingActivationResponseTest.DeserializationUsingOemData (0 ms)
[----------] 1 test from RoutingActivationResponseTest (0 ms total)

[----------] Global test environment tear-down
[==========] 1 test from 1 test suite ran. (0 ms total)
[  PASSED  ] 1 test.
<end of output>
Test time =   0.00 sec
----------------------------------------------------------
Test Passed.
"RoutingActivationResponseTest.DeserializationUsingOemData" end time: Mar 19 09:33 UTC
"RoutingActivationResponseTest.DeserializationUsingOemData" time elapsed: 00:00:00
----------------------------------------------------------

46/88 Testing: RoutingActivationResponseTest.InvalidDeserialization
46/88 Test: RoutingActivationResponseTest.InvalidDeserialization
Command: "/home/runner/work/DoIP-Lib/DoIP-Lib/build/doip_lib_test" "--gtest_filter=RoutingActivationResponseTest.InvalidDeserialization" "--gtest_also_run_disabled_tests"
Directory: /home/runner/work/DoIP-Lib/DoIP-Lib/build
"RoutingActivationResponseTest.InvalidDeserialization" start time: Mar 19 09:33 UTC
Output:
----------------------------------------------------------
Running main() from /home/runner/work/DoIP-Lib/DoIP-Lib/build/_deps/googletest-src/googletest/src/gtest_main.cc
Note: Google Test filter = RoutingActivationResponseTest.InvalidDeserialization
[==========] Running 1 test from 1 test suite.
[----------] Global test environment set-up.
[----------] 1 test from RoutingActivationResponseTest
[ RUN      ] RoutingActivationResponseTest.InvalidDeserialization
[       OK ] RoutingActivationResponseTest.InvalidDeserialization (0 ms)
[----------] 1 test from RoutingActivationResponseTest (0 ms total)

[----------] Global test environment tear-down
[==========] 1 test from 1 test suite ran. (0 ms total)
[  PASSED  ] 1 test.
<end of output>
Test time =   0.00 sec
----------------------------------------------------------
Test Passed.
"RoutingActivationResponseTest.InvalidDeserialization" end time: Mar 19 09:33 UTC
"RoutingActivationResponseTest.InvalidDeserialization" time elapsed: 00:00:00
----------------------------------------------------------

47/88 Testing: AliveCheckRequestTest.ValidDeserialization
47/88 Test: AliveCheckRequestTest.ValidDeserialization
Command: "/home/runner/work/DoIP-Lib/DoIP-Lib/build/doip_lib_test" "--gtest_filter=AliveCheckRequestTest.ValidDeserialization" "--gtest_also_run_disabled_tests"
Directory: /home/runner/work/DoIP-Lib/DoIP-Lib/build
"AliveCheckRequestTest.ValidDeserialization" start time: Mar 19 09:33 UTC
Output:
----------------------------------------------------------
Running main() from /home/runner/work/DoIP-Lib/DoIP-Lib/build/_deps/googletest-src/googletest/src/gtest_main.cc
Note: Google Test filter = AliveCheckRequestTest.ValidDeserialization
[==========] Running 1 test from 1 test suite.
[----------] Global test environment set-up.
[----------] 1 test from AliveCheckRequestTest
[ RUN      ] AliveCheckRequestTest.ValidDeserialization
[       OK ] AliveCheckRequestTest.ValidDeserialization (0 ms)
[----------] 1 test from AliveCheckRequestTest (0 ms total)

[----------] Global test environment tear-down
[==========] 1 test from 1 test suite ran. (0 ms total)
[  PASSED  ] 1 test.
<end of output>
Test time =   0.00 sec
----------------------------------------------------------
Test Passed.
"AliveCheckRequestTest.ValidDeserialization" end time: Mar 19 09:33 UTC
"AliveCheckRequestTest.ValidDeserialization" time elapsed: 00:00:00
----------------------------------------------------------

48/88 Testing: AliveCheckRequestTest.InvalidDeserialization
48/88 Test: AliveCheckRequestTest.InvalidDeserialization
Command: "/home/runner/work/DoIP-Lib/DoIP-Lib/build/doip_lib_test" "--gtest_filter=AliveCheckRequestTest.InvalidDeserialization" "--gtest_also_run_disabled_tests"
Directory: /home/runner/work/DoIP-Lib/DoIP-Lib/build
"AliveCheckRequestTest.InvalidDeserialization" start time: Mar 19 09:33 UTC
Output:
----------------------------------------------------------
Running main() from /home/runner/work/DoIP-Lib/DoIP-Lib/build/_deps/googletest-src/googletest/src/gtest_main.cc
Note: Google Test filter = AliveCheckRequestTest.InvalidDeserialization
[==========] Running 1 test from 1 test suite.
[----------] Global test environment set-up.
[----------] 1 test from AliveCheckRequestTest
[ RUN      ] AliveCheckRequestTest.InvalidDeserialization
[       OK ] AliveCheckRequestTest.InvalidDeserialization (0 ms)
[----------] 1 test from AliveCheckRequestTest (0 ms total)

[----------] Global test environment tear-down
[==========] 1 test from 1 test suite ran. (0 ms total)
[  PASSED  ] 1 test.
<end of output>
Test time =   0.00 sec
----------------------------------------------------------
Test Passed.
"AliveCheckRequestTest.InvalidDeserialization" end time: Mar 19 09:33 UTC
"AliveCheckRequestTest.InvalidDeserialization" time elapsed: 00:00:00
----------------------------------------------------------

49/88 Testing: AliveCheckResponseTest.Serialization
49/88 Test: AliveCheckResponseTest.Serialization
Command: "/home/runner/work/DoIP-Lib/DoIP-Lib/build/doip_lib_test" "--gtest_filter=AliveCheckResponseTest.Serialization" "--gtest_also_run_disabled_tests"
Directory: /home/runner/work/DoIP-Lib/DoIP-Lib/build
"AliveCheckResponseTest.Serialization" start time: Mar 19 09:33 UTC
Output:
----------------------------------------------------------
Running main() from /home/runner/work/DoIP-Lib/DoIP-Lib/build/_deps/googletest-src/googletest/src/gtest_main.cc
Note: Google Test filter = AliveCheckResponseTest.Serialization
[==========] Running 1 test from 1 test suite.
[----------] Global test environment set-up.
[----------] 1 test from AliveCheckResponseTest
[ RUN      ] AliveCheckResponseTest.Serialization
[       OK ] AliveCheckResponseTest.Serialization (0 ms)
[----------] 1 test from AliveCheckResponseTest (0 ms total)

[----------] Global test environment tear-down
[==========] 1 test from 1 test suite ran. (0 ms total)
[  PASSED  ] 1 test.
<end of output>
Test time =   0.00 sec
----------------------------------------------------------
Test Passed.
"AliveCheckResponseTest.Serialization" end time: Mar 19 09:33 UTC
"AliveCheckResponseTest.Serialization" time elapsed: 00:00:00
----------------------------------------------------------

50/88 Testing: AliveCheckResponseTest.ValidDeserialization
50/88 Test: AliveCheckResponseTest.ValidDeserialization
Command: "/home/runner/work/DoIP-Lib/DoIP-Lib/build/doip_lib_test" "--gtest_filter=AliveCheckResponseTest.ValidDeserialization" "--gtest_also_run_disabled_tests"
Directory: /home/runner/work/DoIP-Lib/DoIP-Lib/build
"AliveCheckResponseTest.ValidDeserialization" start time: Mar 19 09:33 UTC
Output:
----------------------------------------------------------
Running main() from /home/runner/work/DoIP-Lib/DoIP-Lib/build/_deps/googletest-src/googletest/src/gtest_main.cc
Note: Google Test filter = AliveCheckResponseTest.ValidDeserialization
[==========] Running 1 test from 1 test suite.
[----------] Global test environment set-up.
[----------] 1 test from AliveCheckResponseTest
[ RUN      ] AliveCheckResponseTest.ValidDeserialization
[       OK ] AliveCheckResponseTest.ValidDeserialization (0 ms)
[----------] 1 test from AliveCheckResponseTest (0 ms total)

[----------] Global test environment tear-down
[==========] 1 test from 1 test suite ran. (0 ms total)
[  PASSED  ] 1 test.
<end of output>
Test time =   0.00 sec
----------------------------------------------------------
Test Passed.
"AliveCheckResponseTest.ValidDeserialization" end time: Mar 19 09:33 UTC
"AliveCheckResponseTest.ValidDeserialization" time elapsed: 00:00:00
----------------------------------------------------------

51/88 Testing: AliveCheckResponseTest.InvalidDeserialization
51/88 Test: AliveCheckResponseTest.InvalidDeserialization
Command: "/home/runner/work/DoIP-Lib/DoIP-Lib/build/doip_lib_test" "--gtest_filter=AliveCheckResponseTest.InvalidDeserialization" "--gtest_also_run_disabled_tests"
Directory: /home/runner/work/DoIP-Lib/DoIP-Lib/build
"AliveCheckResponseTest.InvalidDeserialization" start time: Mar 19 09:33 UTC
Output:
----------------------------------------------------------
Running main() from /home/runner/work/DoIP-Lib/DoIP-Lib/build/_deps/googletest-src/googletest/src/gtest_main.cc
Note: Google Test filter = AliveCheckResponseTest.InvalidDeserialization
[==========] Running 1 test from 1 test suite.
[----------] Global test environment set-up.
[----------] 1 test from AliveCheckResponseTest
[ RUN      ] AliveCheckResponseTest.InvalidDeserialization
[       OK ] AliveCheckResponseTest.InvalidDeserialization (0 ms)
[----------] 1 test from AliveCheckResponseTest (0 ms total)

[----------] Global test environment tear-down
[==========] 1 test from 1 test suite ran. (0 ms total)
[  PASSED  ] 1 test.
<end of output>
Test time =   0.00 sec
----------------------------------------------------------
Test Passed.
"AliveCheckResponseTest.InvalidDeserialization" end time: Mar 19 09:33 UTC
"AliveCheckResponseTest.InvalidDeserialization" time elapsed: 00:00:00
----------------------------------------------------------

52/88 Testing: PowerModeRequestTest.ValidDeserialization
52/88 Test: PowerModeRequestTest.ValidDeserialization
Command: "/home/runner/work/DoIP-Lib/DoIP-Lib/build/doip_lib_test" "--gtest_filter=PowerModeRequestTest.ValidDeserialization" "--gtest_also_run_disabled_tests"
Directory: /home/runner/work/DoIP-Lib/DoIP-Lib/build
"PowerModeRequestTest.ValidDeserialization" start time: Mar 19 09:33 UTC
Output:
----------------------------------------------------------
Running main() from /home/runner/work/DoIP-Lib/DoIP-Lib/build/_deps/googletest-src/googletest/src/gtest_main.cc
Note: Google Test filter = PowerModeRequestTest.ValidDeserialization
[==========] Running 1 test from 1 test suite.
[----------] Global test environment set-up.
[----------] 1 test from PowerModeRequestTest
[ RUN      ] PowerModeRequestTest.ValidDeserialization
[       OK ] PowerModeRequestTest.ValidDeserialization (0 ms)
[----------] 1 test from PowerModeRequestTest (0 ms total)

[----------] Global test environment tear-down
[==========] 1 test from 1 test suite ran. (0 ms total)
[  PASSED  ] 1 test.
<end of output>
Test time =   0.00 sec
----------------------------------------------------------
Test Passed.
"PowerModeRequestTest.ValidDeserialization" end time: Mar 19 09:33 UTC
"PowerModeRequestTest.ValidDeserialization" time elapsed: 00:00:00
----------------------------------------------------------

53/88 Testing: PowerModeRequestTest.InvalidDeserialization
53/88 Test: PowerModeRequestTest.InvalidDeserialization
Command: "/home/runner/work/DoIP-Lib/DoIP-Lib/build/doip_lib_test" "--gtest_filter=PowerModeRequestTest.InvalidDeserialization" "--gtest_also_run_disabled_tests"
Directory: /home/runner/work/DoIP-Lib/DoIP-Lib/build
"PowerModeRequestTest.InvalidDeserialization" start time: Mar 19 09:33 UTC
Output:
----------------------------------------------------------
Running main() from /home/runner/work/DoIP-Lib/DoIP-Lib/build/_deps/googletest-src/googletest/src/gtest_main.cc
Note: Google Test filter = PowerModeRequestTest.InvalidDeserialization
[==========] Running 1 test from 1 test suite.
[----------] Global test environment set-up.
[----------] 1 test from PowerModeRequestTest
[ RUN      ] PowerModeRequestTest.InvalidDeserialization
[       OK ] PowerModeRequestTest.InvalidDeserialization (0 ms)
[----------] 1 test from PowerModeRequestTest (0 ms total)

[----------] Global test environment tear-down
[==========] 1 test from 1 test suite ran. (0 ms total)
[  PASSED  ] 1 test.
<end of output>
Test time =   0.00 sec
----------------------------------------------------------
Test Passed.
"PowerModeRequestTest.InvalidDeserialization" end time: Mar 19 09:33 UTC
"PowerModeRequestTest.InvalidDeserialization" time elapsed: 00:00:00
----------------------------------------------------------

54/88 Testing: PowerModeResponseTest.Serialization
54/88 Test: PowerModeResponseTest.Serialization
Command: "/home/runner/work/DoIP-Lib/DoIP-Lib/build/doip_lib_test" "--gtest_filter=PowerModeResponseTest.Serialization" "--gtest_also_run_disabled_tests"
Directory: /home/runner/work/DoIP-Lib/DoIP-Lib/build
"PowerModeResponseTest.Serialization" start time: Mar 19 09:33 UTC
Output:
----------------------------------------------------------
Running main() from /home/runner/work/DoIP-Lib/DoIP-Lib/build/_deps/googletest-src/googletest/src/gtest_main.cc
Note: Google Test filter = PowerModeResponseTest.Serialization
[==========] Running 1 test from 1 test suite.
[----------] Global test environment set-up.
[----------] 1 test from PowerModeResponseTest
[ RUN      ] PowerModeResponseTest.Serialization
[       OK ] PowerModeResponseTest.Serialization (0 ms)
[----------] 1 test from PowerModeResponseTest (0 ms total)

[----------] Global test environment tear-down
[==========] 1 test from 1 test suite ran. (0 ms total)
[  PASSED  ] 1 test.
<end of output>
Test time =   0.00 sec
----------------------------------------------------------
Test Passed.
"PowerModeResponseTest.Serialization" end time: Mar 19 09:33 UTC
"PowerModeResponseTest.Serialization" time elapsed: 00:00:00
----------------------------------------------------------

55/88 Testing: PowerModeResponseTest.ValidDeserialization
55/88 Test: PowerModeResponseTest.ValidDeserialization
Command: "/home/runner/work/DoIP-Lib/DoIP-Lib/build/doip_lib_test" "--gtest_filter=PowerModeResponseTest.ValidDeserialization" "--gtest_also_run_disabled_tests"
Directory: /home/runner/work/DoIP-Lib/DoIP-Lib/build
"PowerModeResponseTest.ValidDeserialization" start time: Mar 19 09:33 UTC
Output:
----------------------------------------------------------
Running main() from /home/runner/work/DoIP-Lib/DoIP-Lib/build/_deps/googletest-src/googletest/src/gtest_main.cc
Note: Google Test filter = PowerModeResponseTest.ValidDeserialization
[==========] Running 1 test from 1 test suite.
[----------] Global test environment set-up.
[----------] 1 test from PowerModeResponseTest
[ RUN      ] PowerModeResponseTest.ValidDeserialization
[       OK ] PowerModeResponseTest.ValidDeserialization (0 ms)
[----------] 1 test from PowerModeResponseTest (0 ms total)

[----------] Global test environment tear-down
[==========] 1 test from 1 test suite ran. (0 ms total)
[  PASSED  ] 1 test.
<end of output>
Test time =   0.00 sec
----------------------------------------------------------
Test Passed.
"PowerModeResponseTest.ValidDeserialization" end time: Mar 19 09:33 UTC
"PowerModeResponseTest.ValidDeserialization" time elapsed: 00:00:00
----------------------------------------------------------

56/88 Testing: PowerModeResponseTest.InvalidDeserialization
56/88 Test: PowerModeResponseTest.InvalidDeserialization
Command: "/home/runner/work/DoIP-Lib/DoIP-Lib/build/doip_lib_test" "--gtest_filter=PowerModeResponseTest.InvalidDeserialization" "--gtest_also_run_disabled_tests"
Directory: /home/runner/work/DoIP-Lib/DoIP-Lib/build
"PowerModeResponseTest.InvalidDeserialization" start time: Mar 19 09:33 UTC
Output:
----------------------------------------------------------
Running main() from /home/runner/work/DoIP-Lib/DoIP-Lib/build/_deps/googletest-src/googletest/src/gtest_main.cc
Note: Google Test filter = PowerModeResponseTest.InvalidDeserialization
[==========] Running 1 test from 1 test suite.
[----------] Global test environment set-up.
[----------] 1 test from PowerModeResponseTest
[ RUN      ] PowerModeResponseTest.InvalidDeserialization
[       OK ] PowerModeResponseTest.InvalidDeserialization (0 ms)
[----------] 1 test from PowerModeResponseTest (0 ms total)

[----------] Global test environment tear-down
[==========] 1 test from 1 test suite ran. (0 ms total)
[  PASSED  ] 1 test.
<end of output>
Test time =   0.00 sec
----------------------------------------------------------
Test Passed.
"PowerModeResponseTest.InvalidDeserialization" end time: Mar 19 09:33 UTC
"PowerModeResponseTest.InvalidDeserialization" time elapsed: 00:00:00
----------------------------------------------------------

57/88 Testing: EntityStatusRequestTest.ValidDeserialization
57/88 Test: EntityStatusRequestTest.ValidDeserialization
Command: "/home/runner/work/DoIP-Lib/DoIP-Lib/build/doip_lib_test" "--gtest_filter=EntityStatusRequestTest.ValidDeserialization" "--gtest_also_run_disabled_tests"
Directory: /home/runner/work/DoIP-Lib/DoIP-Lib/build
"EntityStatusRequestTest.ValidDeserialization" start time: Mar 19 09:33 UTC
Output:
----------------------------------------------------------
Running main() from /home/runner/work/DoIP-Lib/DoIP-Lib/build/_deps/googletest-src/googletest/src/gtest_main.cc
Note: Google Test filter = EntityStatusRequestTest.ValidDeserialization
[==========] Running 1 test from 1 test suite.
[----------] Global test environment set-up.
[----------] 1 test from EntityStatusRequestTest
[ RUN      ] EntityStatusRequestTest.ValidDeserialization
[       OK ] EntityStatusRequestTest.ValidDeserialization (0 ms)
[----------] 1 test from EntityStatusRequestTest (0 ms total)

[----------] Global test environment tear-down
[==========] 1 test from 1 test suite ran. (0 ms total)
[  PASSED  ] 1 test.
[...]
"DiagMessageAckTest.InvalidDeserializationUsingPreviousMessage" start time: Mar 19 09:33 UTC
Output:
----------------------------------------------------------
Running main() from /home/runner/work/DoIP-Lib/DoIP-Lib/build/_deps/googletest-src/googletest/src/gtest_main.cc
Note: Google Test filter = DiagMessageAckTest.InvalidDeserializationUsingPreviousMessage
[==========] Running 1 test from 1 test suite.
[----------] Global test environment set-up.
[----------] 1 test from DiagMessageAckTest
[ RUN      ] DiagMessageAckTest.InvalidDeserializationUsingPreviousMessage
[       OK ] DiagMessageAckTest.InvalidDeserializationUsingPreviousMessage (0 ms)
[----------] 1 test from DiagMessageAckTest (0 ms total)

[----------] Global test environment tear-down
[==========] 1 test from 1 test suite ran. (0 ms total)
[  PASSED  ] 1 test.
<end of output>
Test time =   0.00 sec
----------------------------------------------------------
Test Passed.
"DiagMessageAckTest.InvalidDeserializationUsingPreviousMessage" end time: Mar 19 09:33 UTC
"DiagMessageAckTest.InvalidDeserializationUsingPreviousMessage" time elapsed: 00:00:00
----------------------------------------------------------

76/88 Testing: DiagMessageNackTest.SerializationWithoutPreviousMessage
76/88 Test: DiagMessageNackTest.SerializationWithoutPreviousMessage
Command: "/home/runner/work/DoIP-Lib/DoIP-Lib/build/doip_lib_test" "--gtest_filter=DiagMessageNackTest.SerializationWithoutPreviousMessage" "--gtest_also_run_disabled_tests"
Directory: /home/runner/work/DoIP-Lib/DoIP-Lib/build
"DiagMessageNackTest.SerializationWithoutPreviousMessage" start time: Mar 19 09:33 UTC
Output:
----------------------------------------------------------
Running main() from /home/runner/work/DoIP-Lib/DoIP-Lib/build/_deps/googletest-src/googletest/src/gtest_main.cc
Note: Google Test filter = DiagMessageNackTest.SerializationWithoutPreviousMessage
[==========] Running 1 test from 1 test suite.
[----------] Global test environment set-up.
[----------] 1 test from DiagMessageNackTest
[ RUN      ] DiagMessageNackTest.SerializationWithoutPreviousMessage
[       OK ] DiagMessageNackTest.SerializationWithoutPreviousMessage (0 ms)
[----------] 1 test from DiagMessageNackTest (0 ms total)

[----------] Global test environment tear-down
[==========] 1 test from 1 test suite ran. (0 ms total)
[  PASSED  ] 1 test.
<end of output>
Test time =   0.00 sec
----------------------------------------------------------
Test Passed.
"DiagMessageNackTest.SerializationWithoutPreviousMessage" end time: Mar 19 09:33 UTC
"DiagMessageNackTest.SerializationWithoutPreviousMessage" time elapsed: 00:00:00
----------------------------------------------------------

77/88 Testing: DiagMessageNackTest.SerializationCopyingPreviousMessage
77/88 Test: DiagMessageNackTest.SerializationCopyingPreviousMessage
Command: "/home/runner/work/DoIP-Lib/DoIP-Lib/build/doip_lib_test" "--gtest_filter=DiagMessageNackTest.SerializationCopyingPreviousMessage" "--gtest_also_run_disabled_tests"
Directory: /home/runner/work/DoIP-Lib/DoIP-Lib/build
"DiagMessageNackTest.SerializationCopyingPreviousMessage" start time: Mar 19 09:33 UTC
Output:
----------------------------------------------------------
Running main() from /home/runner/work/DoIP-Lib/DoIP-Lib/build/_deps/googletest-src/googletest/src/gtest_main.cc
Note: Google Test filter = DiagMessageNackTest.SerializationCopyingPreviousMessage
[==========] Running 1 test from 1 test suite.
[----------] Global test environment set-up.
[----------] 1 test from DiagMessageNackTest
[ RUN      ] DiagMessageNackTest.SerializationCopyingPreviousMessage
[       OK ] DiagMessageNackTest.SerializationCopyingPreviousMessage (0 ms)
[----------] 1 test from DiagMessageNackTest (0 ms total)

[----------] Global test environment tear-down
[==========] 1 test from 1 test suite ran. (0 ms total)
[  PASSED  ] 1 test.
<end of output>
Test time =   0.00 sec
----------------------------------------------------------
Test Passed.
"DiagMessageNackTest.SerializationCopyingPreviousMessage" end time: Mar 19 09:33 UTC
"DiagMessageNackTest.SerializationCopyingPreviousMessage" time elapsed: 00:00:00
----------------------------------------------------------

78/88 Testing: DiagMessageNackTest.SerializationMovingPreviousMessage
78/88 Test: DiagMessageNackTest.SerializationMovingPreviousMessage
Command: "/home/runner/work/DoIP-Lib/DoIP-Lib/build/doip_lib_test" "--gtest_filter=DiagMessageNackTest.SerializationMovingPreviousMessage" "--gtest_also_run_disabled_tests"
Directory: /home/runner/work/DoIP-Lib/DoIP-Lib/build
"DiagMessageNackTest.SerializationMovingPreviousMessage" start time: Mar 19 09:33 UTC
Output:
----------------------------------------------------------
Running main() from /home/runner/work/DoIP-Lib/DoIP-Lib/build/_deps/googletest-src/googletest/src/gtest_main.cc
Note: Google Test filter = DiagMessageNackTest.SerializationMovingPreviousMessage
[==========] Running 1 test from 1 test suite.
[----------] Global test environment set-up.
[----------] 1 test from DiagMessageNackTest
[ RUN      ] DiagMessageNackTest.SerializationMovingPreviousMessage
[       OK ] DiagMessageNackTest.SerializationMovingPreviousMessage (0 ms)
[----------] 1 test from DiagMessageNackTest (0 ms total)

[----------] Global test environment tear-down
[==========] 1 test from 1 test suite ran. (0 ms total)
[  PASSED  ] 1 test.
<end of output>
Test time =   0.00 sec
----------------------------------------------------------
Test Passed.
"DiagMessageNackTest.SerializationMovingPreviousMessage" end time: Mar 19 09:33 UTC
"DiagMessageNackTest.SerializationMovingPreviousMessage" time elapsed: 00:00:00
----------------------------------------------------------

79/88 Testing: DiagMessageNackTest.ValidDeserializationWithoutPreviousMessage
79/88 Test: DiagMessageNackTest.ValidDeserializationWithoutPreviousMessage
Command: "/home/runner/work/DoIP-Lib/DoIP-Lib/build/doip_lib_test" "--gtest_filter=DiagMessageNackTest.ValidDeserializationWithoutPreviousMessage" "--gtest_also_run_disabled_tests"
Directory: /home/runner/work/DoIP-Lib/DoIP-Lib/build
"DiagMessageNackTest.ValidDeserializationWithoutPreviousMessage" start time: Mar 19 09:33 UTC
Output:
----------------------------------------------------------
Running main() from /home/runner/work/DoIP-Lib/DoIP-Lib/build/_deps/googletest-src/googletest/src/gtest_main.cc
Note: Google Test filter = DiagMessageNackTest.ValidDeserializationWithoutPreviousMessage
[==========] Running 1 test from 1 test suite.
[----------] Global test environment set-up.
[----------] 1 test from DiagMessageNackTest
[ RUN      ] DiagMessageNackTest.ValidDeserializationWithoutPreviousMessage
[       OK ] DiagMessageNackTest.ValidDeserializationWithoutPreviousMessage (0 ms)
[----------] 1 test from DiagMessageNackTest (0 ms total)

[----------] Global test environment tear-down
[==========] 1 test from 1 test suite ran. (0 ms total)
[  PASSED  ] 1 test.
<end of output>
Test time =   0.00 sec
----------------------------------------------------------
Test Passed.
"DiagMessageNackTest.ValidDeserializationWithoutPreviousMessage" end time: Mar 19 09:33 UTC
"DiagMessageNackTest.ValidDeserializationWithoutPreviousMessage" time elapsed: 00:00:00
----------------------------------------------------------

80/88 Testing: DiagMessageNackTest.ValidDeserializationUsingPreviousMessage
80/88 Test: DiagMessageNackTest.ValidDeserializationUsingPreviousMessage
Command: "/home/runner/work/DoIP-Lib/DoIP-Lib/build/doip_lib_test" "--gtest_filter=DiagMessageNackTest.ValidDeserializationUsingPreviousMessage" "--gtest_also_run_disabled_tests"
Directory: /home/runner/work/DoIP-Lib/DoIP-Lib/build
"DiagMessageNackTest.ValidDeserializationUsingPreviousMessage" start time: Mar 19 09:33 UTC
Output:
----------------------------------------------------------
Running main() from /home/runner/work/DoIP-Lib/DoIP-Lib/build/_deps/googletest-src/googletest/src/gtest_main.cc
Note: Google Test filter = DiagMessageNackTest.ValidDeserializationUsingPreviousMessage
[==========] Running 1 test from 1 test suite.
[----------] Global test environment set-up.
[----------] 1 test from DiagMessageNackTest
[ RUN      ] DiagMessageNackTest.ValidDeserializationUsingPreviousMessage
[       OK ] DiagMessageNackTest.ValidDeserializationUsingPreviousMessage (0 ms)
[----------] 1 test from DiagMessageNackTest (0 ms total)

[----------] Global test environment tear-down
[==========] 1 test from 1 test suite ran. (0 ms total)
[  PASSED  ] 1 test.
<end of output>
Test time =   0.00 sec
----------------------------------------------------------
Test Passed.
"DiagMessageNackTest.ValidDeserializationUsingPreviousMessage" end time: Mar 19 09:33 UTC
"DiagMessageNackTest.ValidDeserializationUsingPreviousMessage" time elapsed: 00:00:00
----------------------------------------------------------

81/88 Testing: DiagMessageNackTest.InvalidDeserialization
81/88 Test: DiagMessageNackTest.InvalidDeserialization
Command: "/home/runner/work/DoIP-Lib/DoIP-Lib/build/doip_lib_test" "--gtest_filter=DiagMessageNackTest.InvalidDeserialization" "--gtest_also_run_disabled_tests"
Directory: /home/runner/work/DoIP-Lib/DoIP-Lib/build
"DiagMessageNackTest.InvalidDeserialization" start time: Mar 19 09:33 UTC
Output:
----------------------------------------------------------
Running main() from /home/runner/work/DoIP-Lib/DoIP-Lib/build/_deps/googletest-src/googletest/src/gtest_main.cc
Note: Google Test filter = DiagMessageNackTest.InvalidDeserialization
[==========] Running 1 test from 1 test suite.
[----------] Global test environment set-up.
[----------] 1 test from DiagMessageNackTest
[ RUN      ] DiagMessageNackTest.InvalidDeserialization
[       OK ] DiagMessageNackTest.InvalidDeserialization (0 ms)
[----------] 1 test from DiagMessageNackTest (0 ms total)

[----------] Global test environment tear-down
[==========] 1 test from 1 test suite ran. (0 ms total)
[  PASSED  ] 1 test.
<end of output>
Test time =   0.00 sec
----------------------------------------------------------
Test Passed.
"DiagMessageNackTest.InvalidDeserialization" end time: Mar 19 09:33 UTC
"DiagMessageNackTest.InvalidDeserialization" time elapsed: 00:00:00
----------------------------------------------------------

82/88 Testing: AnnouncementTimerTest.Constructor
82/88 Test: AnnouncementTimerTest.Constructor
Command: "/home/runner/work/DoIP-Lib/DoIP-Lib/build/doip_lib_test" "--gtest_filter=AnnouncementTimerTest.Constructor" "--gtest_also_run_disabled_tests"
Directory: /home/runner/work/DoIP-Lib/DoIP-Lib/build
"AnnouncementTimerTest.Constructor" start time: Mar 19 09:33 UTC
Output:
----------------------------------------------------------
Running main() from /home/runner/work/DoIP-Lib/DoIP-Lib/build/_deps/googletest-src/googletest/src/gtest_main.cc
Note: Google Test filter = AnnouncementTimerTest.Constructor
[==========] Running 1 test from 1 test suite.
[----------] Global test environment set-up.
[----------] 1 test from AnnouncementTimerTest
[ RUN      ] AnnouncementTimerTest.Constructor
[       OK ] AnnouncementTimerTest.Constructor (0 ms)
[----------] 1 test from AnnouncementTimerTest (0 ms total)

[----------] Global test environment tear-down
[==========] 1 test from 1 test suite ran. (0 ms total)
[  PASSED  ] 1 test.
<end of output>
Test time =   0.00 sec
----------------------------------------------------------
Test Passed.
"AnnouncementTimerTest.Constructor" end time: Mar 19 09:33 UTC
"AnnouncementTimerTest.Constructor" time elapsed: 00:00:00
----------------------------------------------------------

83/88 Testing: AnnouncementTimerTest.StartMethod
83/88 Test: AnnouncementTimerTest.StartMethod
Command: "/home/runner/work/DoIP-Lib/DoIP-Lib/build/doip_lib_test" "--gtest_filter=AnnouncementTimerTest.StartMethod" "--gtest_also_run_disabled_tests"
Directory: /home/runner/work/DoIP-Lib/DoIP-Lib/build
"AnnouncementTimerTest.StartMethod" start time: Mar 19 09:33 UTC
Output:
----------------------------------------------------------
Running main() from /home/runner/work/DoIP-Lib/DoIP-Lib/build/_deps/googletest-src/googletest/src/gtest_main.cc
Note: Google Test filter = AnnouncementTimerTest.StartMethod
[==========] Running 1 test from 1 test suite.
[----------] Global test environment set-up.
[----------] 1 test from AnnouncementTimerTest
[ RUN      ] AnnouncementTimerTest.StartMethod
[       OK ] AnnouncementTimerTest.StartMethod (4000 ms)
[----------] 1 test from AnnouncementTimerTest (4000 ms total)

[----------] Global test environment tear-down
[==========] 1 test from 1 test suite ran. (4000 ms total)
[  PASSED  ] 1 test.
<end of output>
Test time =   4.00 sec
----------------------------------------------------------
Test Passed.
"AnnouncementTimerTest.StartMethod" end time: Mar 19 09:33 UTC
"AnnouncementTimerTest.StartMethod" time elapsed: 00:00:04
----------------------------------------------------------

84/88 Testing: DoipControllerTest.ValidRequestHandling
84/88 Test: DoipControllerTest.ValidRequestHandling
Command: "/home/runner/work/DoIP-Lib/DoIP-Lib/build/doip_lib_test" "--gtest_filter=DoipControllerTest.ValidRequestHandling" "--gtest_also_run_disabled_tests"
Directory: /home/runner/work/DoIP-Lib/DoIP-Lib/build
"DoipControllerTest.ValidRequestHandling" start time: Mar 19 09:33 UTC
Output:
----------------------------------------------------------
Running main() from /home/runner/work/DoIP-Lib/DoIP-Lib/build/_deps/googletest-src/googletest/src/gtest_main.cc
Note: Google Test filter = DoipControllerTest.ValidRequestHandling
[==========] Running 1 test from 1 test suite.
[----------] Global test environment set-up.
[----------] 1 test from DoipControllerTest
[ RUN      ] DoipControllerTest.ValidRequestHandling
[       OK ] DoipControllerTest.ValidRequestHandling (0 ms)
[----------] 1 test from DoipControllerTest (0 ms total)

[----------] Global test environment tear-down
[==========] 1 test from 1 test suite ran. (0 ms total)
[  PASSED  ] 1 test.
<end of output>
Test time =   0.00 sec
----------------------------------------------------------
Test Passed.
"DoipControllerTest.ValidRequestHandling" end time: Mar 19 09:33 UTC
"DoipControllerTest.ValidRequestHandling" time elapsed: 00:00:00
----------------------------------------------------------

85/88 Testing: DoipControllerTest.InvalidLargeRequestHandling
85/88 Test: DoipControllerTest.InvalidLargeRequestHandling
Command: "/home/runner/work/DoIP-Lib/DoIP-Lib/build/doip_lib_test" "--gtest_filter=DoipControllerTest.InvalidLargeRequestHandling" "--gtest_also_run_disabled_tests"
Directory: /home/runner/work/DoIP-Lib/DoIP-Lib/build
"DoipControllerTest.InvalidLargeRequestHandling" start time: Mar 19 09:33 UTC
Output:
----------------------------------------------------------
Running main() from /home/runner/work/DoIP-Lib/DoIP-Lib/build/_deps/googletest-src/googletest/src/gtest_main.cc
Note: Google Test filter = DoipControllerTest.InvalidLargeRequestHandling
[==========] Running 1 test from 1 test suite.
[----------] Global test environment set-up.
[----------] 1 test from DoipControllerTest
[ RUN      ] DoipControllerTest.InvalidLargeRequestHandling
[       OK ] DoipControllerTest.InvalidLargeRequestHandling (0 ms)
[----------] 1 test from DoipControllerTest (0 ms total)

[----------] Global test environment tear-down
[==========] 1 test from 1 test suite ran. (0 ms total)
[  PASSED  ] 1 test.
<end of output>
Test time =   0.00 sec
----------------------------------------------------------
Test Passed.
"DoipControllerTest.InvalidLargeRequestHandling" end time: Mar 19 09:33 UTC
"DoipControllerTest.InvalidLargeRequestHandling" time elapsed: 00:00:00
----------------------------------------------------------

86/88 Testing: DoipControllerTest.InvalidTypeRequestHandling
86/88 Test: DoipControllerTest.InvalidTypeRequestHandling
Command: "/home/runner/work/DoIP-Lib/DoIP-Lib/build/doip_lib_test" "--gtest_filter=DoipControllerTest.InvalidTypeRequestHandling" "--gtest_also_run_disabled_tests"
Directory: /home/runner/work/DoIP-Lib/DoIP-Lib/build
"DoipControllerTest.InvalidTypeRequestHandling" start time: Mar 19 09:33 UTC
Output:
----------------------------------------------------------
Running main() from /home/runner/work/DoIP-Lib/DoIP-Lib/build/_deps/googletest-src/googletest/src/gtest_main.cc
Note: Google Test filter = DoipControllerTest.InvalidTypeRequestHandling
[==========] Running 1 test from 1 test suite.
[----------] Global test environment set-up.
[----------] 1 test from DoipControllerTest
[ RUN      ] DoipControllerTest.InvalidTypeRequestHandling
[       OK ] DoipControllerTest.InvalidTypeRequestHandling (0 ms)
[----------] 1 test from DoipControllerTest (0 ms total)

[----------] Global test environment tear-down
[==========] 1 test from 1 test suite ran. (0 ms total)
[  PASSED  ] 1 test.
<end of output>
Test time =   0.00 sec
----------------------------------------------------------
Test Passed.
"DoipControllerTest.InvalidTypeRequestHandling" end time: Mar 19 09:33 UTC
"DoipControllerTest.InvalidTypeRequestHandling" time elapsed: 00:00:00
----------------------------------------------------------

87/88 Testing: DoipControllerTest.InvalidLengthRequestHandling
87/88 Test: DoipControllerTest.InvalidLengthRequestHandling
Command: "/home/runner/work/DoIP-Lib/DoIP-Lib/build/doip_lib_test" "--gtest_filter=DoipControllerTest.InvalidLengthRequestHandling" "--gtest_also_run_disabled_tests"
Directory: /home/runner/work/DoIP-Lib/DoIP-Lib/build
"DoipControllerTest.InvalidLengthRequestHandling" start time: Mar 19 09:33 UTC
Output:
----------------------------------------------------------
Running main() from /home/runner/work/DoIP-Lib/DoIP-Lib/build/_deps/googletest-src/googletest/src/gtest_main.cc
Note: Google Test filter = DoipControllerTest.InvalidLengthRequestHandling
[==========] Running 1 test from 1 test suite.
[----------] Global test environment set-up.
[----------] 1 test from DoipControllerTest
[ RUN      ] DoipControllerTest.InvalidLengthRequestHandling
[       OK ] DoipControllerTest.InvalidLengthRequestHandling (0 ms)
[----------] 1 test from DoipControllerTest (0 ms total)

[----------] Global test environment tear-down
[==========] 1 test from 1 test suite ran. (0 ms total)
[  PASSED  ] 1 test.
<end of output>
Test time =   0.00 sec
----------------------------------------------------------
Test Passed.
"DoipControllerTest.InvalidLengthRequestHandling" end time: Mar 19 09:33 UTC
"DoipControllerTest.InvalidLengthRequestHandling" time elapsed: 00:00:00
----------------------------------------------------------

88/88 Testing: DoipControllerTest.EmptyRequestHandling
88/88 Test: DoipControllerTest.EmptyRequestHandling
Command: "/home/runner/work/DoIP-Lib/DoIP-Lib/build/doip_lib_test" "--gtest_filter=DoipControllerTest.EmptyRequestHandling" "--gtest_also_run_disabled_tests"
Directory: /home/runner/work/DoIP-Lib/DoIP-Lib/build
"DoipControllerTest.EmptyRequestHandling" start time: Mar 19 09:33 UTC
Output:
----------------------------------------------------------
Running main() from /home/runner/work/DoIP-Lib/DoIP-Lib/build/_deps/googletest-src/googletest/src/gtest_main.cc
Note: Google Test filter = DoipControllerTest.EmptyRequestHandling
[==========] Running 1 test from 1 test suite.
[----------] Global test environment set-up.
[----------] 1 test from DoipControllerTest
[ RUN      ] DoipControllerTest.EmptyRequestHandling
[       OK ] DoipControllerTest.EmptyRequestHandling (0 ms)
[----------] 1 test from DoipControllerTest (0 ms total)

[----------] Global test environment tear-down
[==========] 1 test from 1 test suite ran. (0 ms total)
[  PASSED  ] 1 test.
<end of output>
Test time =   0.00 sec
----------------------------------------------------------
Test Passed.
"DoipControllerTest.EmptyRequestHandling" end time: Mar 19 09:33 UTC
"DoipControllerTest.EmptyRequestHandling" time elapsed: 00:00:00
----------------------------------------------------------

End testing: Mar 19 09:33 UTC
